CRITICAL - 2024-11-11 09:06:19 --> CodeIgniter\View\Exceptions\ViewException: Invalid file: "welcome_message.php"
[Method: GET, Route: /]
in SYSTEMPATH\Exceptions\FrameworkException.php on line 41.
 1 SYSTEMPATH\View\View.php(222): CodeIgniter\Exceptions\FrameworkException::forInvalidFile('welcome_message.php')
 2 SYSTEMPATH\Common.php(1171): CodeIgniter\View\View->render('welcome_message', [], true)
 3 APPPATH\Controllers\Home.php(9): view('welcome_message')
 4 SYSTEMPATH\CodeIgniter.php(933): App\Controllers\Home->index()
 5 SYSTEMPATH\CodeIgniter.php(509): CodeIgniter\CodeIgniter->runController(Object(App\Controllers\Home))
 6 SYSTEMPATH\CodeIgniter.php(355): CodeIgniter\CodeIgniter->handleRequest(null, Object(Config\Cache), false)
 7 SYSTEMPATH\Boot.php(325): CodeIgniter\CodeIgniter->run()
 8 SYSTEMPATH\Boot.php(67): CodeIgniter\Boot::runCodeIgniter(Object(CodeIgniter\CodeIgniter))
 9 FCPATH\index.php(56): CodeIgniter\Boot::bootWeb(Object(Config\Paths))
CRITICAL - 2024-11-11 09:06:25 --> CodeIgniter\View\Exceptions\ViewException: Invalid file: "welcome_message.php"
[Method: GET, Route: /]
in SYSTEMPATH\Exceptions\FrameworkException.php on line 41.
 1 SYSTEMPATH\View\View.php(222): CodeIgniter\Exceptions\FrameworkException::forInvalidFile('welcome_message.php')
 2 SYSTEMPATH\Common.php(1171): CodeIgniter\View\View->render('welcome_message', [], true)
 3 APPPATH\Controllers\Home.php(9): view('welcome_message')
 4 SYSTEMPATH\CodeIgniter.php(933): App\Controllers\Home->index()
 5 SYSTEMPATH\CodeIgniter.php(509): CodeIgniter\CodeIgniter->runController(Object(App\Controllers\Home))
 6 SYSTEMPATH\CodeIgniter.php(355): CodeIgniter\CodeIgniter->handleRequest(null, Object(Config\Cache), false)
 7 SYSTEMPATH\Boot.php(325): CodeIgniter\CodeIgniter->run()
 8 SYSTEMPATH\Boot.php(67): CodeIgniter\Boot::runCodeIgniter(Object(CodeIgniter\CodeIgniter))
 9 FCPATH\index.php(56): CodeIgniter\Boot::bootWeb(Object(Config\Paths))
CRITICAL - 2024-11-11 09:32:40 --> Error: Call to undefined method CodeIgniter\View\View::sectionEnd()
[Method: GET, Route: /]
in APPPATH\Views\main.php on line 14.
 1 SYSTEMPATH\View\View.php(234): include()
 2 SYSTEMPATH\View\View.php(237): CodeIgniter\View\View->CodeIgniter\View\{closure}()
 3 SYSTEMPATH\Common.php(1171): CodeIgniter\View\View->render('main', [], true)
 4 APPPATH\Controllers\Home.php(9): view('main')
 5 SYSTEMPATH\CodeIgniter.php(933): App\Controllers\Home->index()
 6 SYSTEMPATH\CodeIgniter.php(509): CodeIgniter\CodeIgniter->runController(Object(App\Controllers\Home))
 7 SYSTEMPATH\CodeIgniter.php(355): CodeIgniter\CodeIgniter->handleRequest(null, Object(Config\Cache), false)
 8 SYSTEMPATH\Boot.php(325): CodeIgniter\CodeIgniter->run()
 9 SYSTEMPATH\Boot.php(67): CodeIgniter\Boot::runCodeIgniter(Object(CodeIgniter\CodeIgniter))
10 FCPATH\index.php(56): CodeIgniter\Boot::bootWeb(Object(Config\Paths))
CRITICAL - 2024-11-11 09:32:41 --> Error: Call to undefined method CodeIgniter\View\View::sectionEnd()
[Method: GET, Route: /]
in APPPATH\Views\main.php on line 14.
 1 SYSTEMPATH\View\View.php(234): include()
 2 SYSTEMPATH\View\View.php(237): CodeIgniter\View\View->CodeIgniter\View\{closure}()
 3 SYSTEMPATH\Common.php(1171): CodeIgniter\View\View->render('main', [], true)
 4 APPPATH\Controllers\Home.php(9): view('main')
 5 SYSTEMPATH\CodeIgniter.php(933): App\Controllers\Home->index()
 6 SYSTEMPATH\CodeIgniter.php(509): CodeIgniter\CodeIgniter->runController(Object(App\Controllers\Home))
 7 SYSTEMPATH\CodeIgniter.php(355): CodeIgniter\CodeIgniter->handleRequest(null, Object(Config\Cache), false)
 8 SYSTEMPATH\Boot.php(325): CodeIgniter\CodeIgniter->run()
 9 SYSTEMPATH\Boot.php(67): CodeIgniter\Boot::runCodeIgniter(Object(CodeIgniter\CodeIgniter))
10 FCPATH\index.php(56): CodeIgniter\Boot::bootWeb(Object(Config\Paths))
CRITICAL - 2024-11-11 09:32:42 --> Error: Call to undefined method CodeIgniter\View\View::sectionEnd()
[Method: GET, Route: /]
in APPPATH\Views\main.php on line 14.
 1 SYSTEMPATH\View\View.php(234): include()
 2 SYSTEMPATH\View\View.php(237): CodeIgniter\View\View->CodeIgniter\View\{closure}()
 3 SYSTEMPATH\Common.php(1171): CodeIgniter\View\View->render('main', [], true)
 4 APPPATH\Controllers\Home.php(9): view('main')
 5 SYSTEMPATH\CodeIgniter.php(933): App\Controllers\Home->index()
 6 SYSTEMPATH\CodeIgniter.php(509): CodeIgniter\CodeIgniter->runController(Object(App\Controllers\Home))
 7 SYSTEMPATH\CodeIgniter.php(355): CodeIgniter\CodeIgniter->handleRequest(null, Object(Config\Cache), false)
 8 SYSTEMPATH\Boot.php(325): CodeIgniter\CodeIgniter->run()
 9 SYSTEMPATH\Boot.php(67): CodeIgniter\Boot::runCodeIgniter(Object(CodeIgniter\CodeIgniter))
10 FCPATH\index.php(56): CodeIgniter\Boot::bootWeb(Object(Config\Paths))
CRITICAL - 2024-11-11 09:32:42 --> Error: Call to undefined method CodeIgniter\View\View::sectionEnd()
[Method: GET, Route: /]
in APPPATH\Views\main.php on line 14.
 1 SYSTEMPATH\View\View.php(234): include()
 2 SYSTEMPATH\View\View.php(237): CodeIgniter\View\View->CodeIgniter\View\{closure}()
 3 SYSTEMPATH\Common.php(1171): CodeIgniter\View\View->render('main', [], true)
 4 APPPATH\Controllers\Home.php(9): view('main')
 5 SYSTEMPATH\CodeIgniter.php(933): App\Controllers\Home->index()
 6 SYSTEMPATH\CodeIgniter.php(509): CodeIgniter\CodeIgniter->runController(Object(App\Controllers\Home))
 7 SYSTEMPATH\CodeIgniter.php(355): CodeIgniter\CodeIgniter->handleRequest(null, Object(Config\Cache), false)
 8 SYSTEMPATH\Boot.php(325): CodeIgniter\CodeIgniter->run()
 9 SYSTEMPATH\Boot.php(67): CodeIgniter\Boot::runCodeIgniter(Object(CodeIgniter\CodeIgniter))
10 FCPATH\index.php(56): CodeIgniter\Boot::bootWeb(Object(Config\Paths))
CRITICAL - 2024-11-11 09:32:44 --> Error: Call to undefined method CodeIgniter\View\View::sectionEnd()
[Method: GET, Route: /]
in APPPATH\Views\main.php on line 14.
 1 SYSTEMPATH\View\View.php(234): include()
 2 SYSTEMPATH\View\View.php(237): CodeIgniter\View\View->CodeIgniter\View\{closure}()
 3 SYSTEMPATH\Common.php(1171): CodeIgniter\View\View->render('main', [], true)
 4 APPPATH\Controllers\Home.php(9): view('main')
 5 SYSTEMPATH\CodeIgniter.php(933): App\Controllers\Home->index()
 6 SYSTEMPATH\CodeIgniter.php(509): CodeIgniter\CodeIgniter->runController(Object(App\Controllers\Home))
 7 SYSTEMPATH\CodeIgniter.php(355): CodeIgniter\CodeIgniter->handleRequest(null, Object(Config\Cache), false)
 8 SYSTEMPATH\Boot.php(325): CodeIgniter\CodeIgniter->run()
 9 SYSTEMPATH\Boot.php(67): CodeIgniter\Boot::runCodeIgniter(Object(CodeIgniter\CodeIgniter))
10 FCPATH\index.php(56): CodeIgniter\Boot::bootWeb(Object(Config\Paths))
CRITICAL - 2024-11-11 09:50:17 --> Error: Call to undefined method CodeIgniter\View\View::sectionEnd()
[Method: GET, Route: /]
in APPPATH\Views\main.php on line 12.
 1 SYSTEMPATH\View\View.php(234): include()
 2 SYSTEMPATH\View\View.php(237): CodeIgniter\View\View->CodeIgniter\View\{closure}()
 3 SYSTEMPATH\Common.php(1171): CodeIgniter\View\View->render('main', [], true)
 4 APPPATH\Controllers\Home.php(9): view('main')
 5 SYSTEMPATH\CodeIgniter.php(933): App\Controllers\Home->index()
 6 SYSTEMPATH\CodeIgniter.php(509): CodeIgniter\CodeIgniter->runController(Object(App\Controllers\Home))
 7 SYSTEMPATH\CodeIgniter.php(355): CodeIgniter\CodeIgniter->handleRequest(null, Object(Config\Cache), false)
 8 SYSTEMPATH\Boot.php(325): CodeIgniter\CodeIgniter->run()
 9 SYSTEMPATH\Boot.php(67): CodeIgniter\Boot::runCodeIgniter(Object(CodeIgniter\CodeIgniter))
10 FCPATH\index.php(56): CodeIgniter\Boot::bootWeb(Object(Config\Paths))
CRITICAL - 2024-11-11 09:50:18 --> Error: Call to undefined method CodeIgniter\View\View::sectionEnd()
[Method: GET, Route: /]
in APPPATH\Views\main.php on line 12.
 1 SYSTEMPATH\View\View.php(234): include()
 2 SYSTEMPATH\View\View.php(237): CodeIgniter\View\View->CodeIgniter\View\{closure}()
 3 SYSTEMPATH\Common.php(1171): CodeIgniter\View\View->render('main', [], true)
 4 APPPATH\Controllers\Home.php(9): view('main')
 5 SYSTEMPATH\CodeIgniter.php(933): App\Controllers\Home->index()
 6 SYSTEMPATH\CodeIgniter.php(509): CodeIgniter\CodeIgniter->runController(Object(App\Controllers\Home))
 7 SYSTEMPATH\CodeIgniter.php(355): CodeIgniter\CodeIgniter->handleRequest(null, Object(Config\Cache), false)
 8 SYSTEMPATH\Boot.php(325): CodeIgniter\CodeIgniter->run()
 9 SYSTEMPATH\Boot.php(67): CodeIgniter\Boot::runCodeIgniter(Object(CodeIgniter\CodeIgniter))
10 FCPATH\index.php(56): CodeIgniter\Boot::bootWeb(Object(Config\Paths))
CRITICAL - 2024-11-11 09:50:19 --> Error: Call to undefined method CodeIgniter\View\View::sectionEnd()
[Method: GET, Route: /]
in APPPATH\Views\main.php on line 12.
 1 SYSTEMPATH\View\View.php(234): include()
 2 SYSTEMPATH\View\View.php(237): CodeIgniter\View\View->CodeIgniter\View\{closure}()
 3 SYSTEMPATH\Common.php(1171): CodeIgniter\View\View->render('main', [], true)
 4 APPPATH\Controllers\Home.php(9): view('main')
 5 SYSTEMPATH\CodeIgniter.php(933): App\Controllers\Home->index()
 6 SYSTEMPATH\CodeIgniter.php(509): CodeIgniter\CodeIgniter->runController(Object(App\Controllers\Home))
 7 SYSTEMPATH\CodeIgniter.php(355): CodeIgniter\CodeIgniter->handleRequest(null, Object(Config\Cache), false)
 8 SYSTEMPATH\Boot.php(325): CodeIgniter\CodeIgniter->run()
 9 SYSTEMPATH\Boot.php(67): CodeIgniter\Boot::runCodeIgniter(Object(CodeIgniter\CodeIgniter))
10 FCPATH\index.php(56): CodeIgniter\Boot::bootWeb(Object(Config\Paths))
CRITICAL - 2024-11-11 09:50:19 --> Error: Call to undefined method CodeIgniter\View\View::sectionEnd()
[Method: GET, Route: /]
in APPPATH\Views\main.php on line 12.
 1 SYSTEMPATH\View\View.php(234): include()
 2 SYSTEMPATH\View\View.php(237): CodeIgniter\View\View->CodeIgniter\View\{closure}()
 3 SYSTEMPATH\Common.php(1171): CodeIgniter\View\View->render('main', [], true)
 4 APPPATH\Controllers\Home.php(9): view('main')
 5 SYSTEMPATH\CodeIgniter.php(933): App\Controllers\Home->index()
 6 SYSTEMPATH\CodeIgniter.php(509): CodeIgniter\CodeIgniter->runController(Object(App\Controllers\Home))
 7 SYSTEMPATH\CodeIgniter.php(355): CodeIgniter\CodeIgniter->handleRequest(null, Object(Config\Cache), false)
 8 SYSTEMPATH\Boot.php(325): CodeIgniter\CodeIgniter->run()
 9 SYSTEMPATH\Boot.php(67): CodeIgniter\Boot::runCodeIgniter(Object(CodeIgniter\CodeIgniter))
10 FCPATH\index.php(56): CodeIgniter\Boot::bootWeb(Object(Config\Paths))
CRITICAL - 2024-11-11 09:50:19 --> Error: Call to undefined method CodeIgniter\View\View::sectionEnd()
[Method: GET, Route: /]
in APPPATH\Views\main.php on line 12.
 1 SYSTEMPATH\View\View.php(234): include()
 2 SYSTEMPATH\View\View.php(237): CodeIgniter\View\View->CodeIgniter\View\{closure}()
 3 SYSTEMPATH\Common.php(1171): CodeIgniter\View\View->render('main', [], true)
 4 APPPATH\Controllers\Home.php(9): view('main')
 5 SYSTEMPATH\CodeIgniter.php(933): App\Controllers\Home->index()
 6 SYSTEMPATH\CodeIgniter.php(509): CodeIgniter\CodeIgniter->runController(Object(App\Controllers\Home))
 7 SYSTEMPATH\CodeIgniter.php(355): CodeIgniter\CodeIgniter->handleRequest(null, Object(Config\Cache), false)
 8 SYSTEMPATH\Boot.php(325): CodeIgniter\CodeIgniter->run()
 9 SYSTEMPATH\Boot.php(67): CodeIgniter\Boot::runCodeIgniter(Object(CodeIgniter\CodeIgniter))
10 FCPATH\index.php(56): CodeIgniter\Boot::bootWeb(Object(Config\Paths))
CRITICAL - 2024-11-11 10:05:51 --> CodeIgniter\View\Exceptions\ViewException: Invalid file: "layouts/main.php"
[Method: GET, Route: /]
in SYSTEMPATH\Exceptions\FrameworkException.php on line 41.
 1 SYSTEMPATH\View\View.php(222): CodeIgniter\Exceptions\FrameworkException::forInvalidFile('layouts/main.php')
 2 SYSTEMPATH\View\View.php(250): CodeIgniter\View\View->render('layouts/main', [], true)
 3 SYSTEMPATH\Common.php(1171): CodeIgniter\View\View->render('main', [], true)
 4 APPPATH\Controllers\Home.php(9): view('main')
 5 SYSTEMPATH\CodeIgniter.php(933): App\Controllers\Home->index()
 6 SYSTEMPATH\CodeIgniter.php(509): CodeIgniter\CodeIgniter->runController(Object(App\Controllers\Home))
 7 SYSTEMPATH\CodeIgniter.php(355): CodeIgniter\CodeIgniter->handleRequest(null, Object(Config\Cache), false)
 8 SYSTEMPATH\Boot.php(325): CodeIgniter\CodeIgniter->run()
 9 SYSTEMPATH\Boot.php(67): CodeIgniter\Boot::runCodeIgniter(Object(CodeIgniter\CodeIgniter))
10 FCPATH\index.php(56): CodeIgniter\Boot::bootWeb(Object(Config\Paths))
CRITICAL - 2024-11-11 10:05:52 --> CodeIgniter\View\Exceptions\ViewException: Invalid file: "layouts/main.php"
[Method: GET, Route: /]
in SYSTEMPATH\Exceptions\FrameworkException.php on line 41.
 1 SYSTEMPATH\View\View.php(222): CodeIgniter\Exceptions\FrameworkException::forInvalidFile('layouts/main.php')
 2 SYSTEMPATH\View\View.php(250): CodeIgniter\View\View->render('layouts/main', [], true)
 3 SYSTEMPATH\Common.php(1171): CodeIgniter\View\View->render('main', [], true)
 4 APPPATH\Controllers\Home.php(9): view('main')
 5 SYSTEMPATH\CodeIgniter.php(933): App\Controllers\Home->index()
 6 SYSTEMPATH\CodeIgniter.php(509): CodeIgniter\CodeIgniter->runController(Object(App\Controllers\Home))
 7 SYSTEMPATH\CodeIgniter.php(355): CodeIgniter\CodeIgniter->handleRequest(null, Object(Config\Cache), false)
 8 SYSTEMPATH\Boot.php(325): CodeIgniter\CodeIgniter->run()
 9 SYSTEMPATH\Boot.php(67): CodeIgniter\Boot::runCodeIgniter(Object(CodeIgniter\CodeIgniter))
10 FCPATH\index.php(56): CodeIgniter\Boot::bootWeb(Object(Config\Paths))
CRITICAL - 2024-11-11 10:05:55 --> CodeIgniter\View\Exceptions\ViewException: Invalid file: "layouts/main.php"
[Method: GET, Route: /]
in SYSTEMPATH\Exceptions\FrameworkException.php on line 41.
 1 SYSTEMPATH\View\View.php(222): CodeIgniter\Exceptions\FrameworkException::forInvalidFile('layouts/main.php')
 2 SYSTEMPATH\View\View.php(250): CodeIgniter\View\View->render('layouts/main', [], true)
 3 SYSTEMPATH\Common.php(1171): CodeIgniter\View\View->render('main', [], true)
 4 APPPATH\Controllers\Home.php(9): view('main')
 5 SYSTEMPATH\CodeIgniter.php(933): App\Controllers\Home->index()
 6 SYSTEMPATH\CodeIgniter.php(509): CodeIgniter\CodeIgniter->runController(Object(App\Controllers\Home))
 7 SYSTEMPATH\CodeIgniter.php(355): CodeIgniter\CodeIgniter->handleRequest(null, Object(Config\Cache), false)
 8 SYSTEMPATH\Boot.php(325): CodeIgniter\CodeIgniter->run()
 9 SYSTEMPATH\Boot.php(67): CodeIgniter\Boot::runCodeIgniter(Object(CodeIgniter\CodeIgniter))
10 FCPATH\index.php(56): CodeIgniter\Boot::bootWeb(Object(Config\Paths))
CRITICAL - 2024-11-11 10:05:55 --> CodeIgniter\View\Exceptions\ViewException: Invalid file: "layouts/main.php"
[Method: GET, Route: /]
in SYSTEMPATH\Exceptions\FrameworkException.php on line 41.
 1 SYSTEMPATH\View\View.php(222): CodeIgniter\Exceptions\FrameworkException::forInvalidFile('layouts/main.php')
 2 SYSTEMPATH\View\View.php(250): CodeIgniter\View\View->render('layouts/main', [], true)
 3 SYSTEMPATH\Common.php(1171): CodeIgniter\View\View->render('main', [], true)
 4 APPPATH\Controllers\Home.php(9): view('main')
 5 SYSTEMPATH\CodeIgniter.php(933): App\Controllers\Home->index()
 6 SYSTEMPATH\CodeIgniter.php(509): CodeIgniter\CodeIgniter->runController(Object(App\Controllers\Home))
 7 SYSTEMPATH\CodeIgniter.php(355): CodeIgniter\CodeIgniter->handleRequest(null, Object(Config\Cache), false)
 8 SYSTEMPATH\Boot.php(325): CodeIgniter\CodeIgniter->run()
 9 SYSTEMPATH\Boot.php(67): CodeIgniter\Boot::runCodeIgniter(Object(CodeIgniter\CodeIgniter))
10 FCPATH\index.php(56): CodeIgniter\Boot::bootWeb(Object(Config\Paths))
CRITICAL - 2024-11-11 10:09:41 --> CodeIgniter\View\Exceptions\ViewException: Invalid file: "template.php"
[Method: GET, Route: /]
in SYSTEMPATH\Exceptions\FrameworkException.php on line 41.
 1 SYSTEMPATH\View\View.php(222): CodeIgniter\Exceptions\FrameworkException::forInvalidFile('template.php')
 2 SYSTEMPATH\View\View.php(250): CodeIgniter\View\View->render('template', [], true)
 3 SYSTEMPATH\Common.php(1171): CodeIgniter\View\View->render('main', [], true)
 4 APPPATH\Controllers\Home.php(9): view('main')
 5 SYSTEMPATH\CodeIgniter.php(933): App\Controllers\Home->index()
 6 SYSTEMPATH\CodeIgniter.php(509): CodeIgniter\CodeIgniter->runController(Object(App\Controllers\Home))
 7 SYSTEMPATH\CodeIgniter.php(355): CodeIgniter\CodeIgniter->handleRequest(null, Object(Config\Cache), false)
 8 SYSTEMPATH\Boot.php(325): CodeIgniter\CodeIgniter->run()
 9 SYSTEMPATH\Boot.php(67): CodeIgniter\Boot::runCodeIgniter(Object(CodeIgniter\CodeIgniter))
10 FCPATH\index.php(56): CodeIgniter\Boot::bootWeb(Object(Config\Paths))
CRITICAL - 2024-11-11 10:09:41 --> CodeIgniter\View\Exceptions\ViewException: Invalid file: "template.php"
[Method: GET, Route: /]
in SYSTEMPATH\Exceptions\FrameworkException.php on line 41.
 1 SYSTEMPATH\View\View.php(222): CodeIgniter\Exceptions\FrameworkException::forInvalidFile('template.php')
 2 SYSTEMPATH\View\View.php(250): CodeIgniter\View\View->render('template', [], true)
 3 SYSTEMPATH\Common.php(1171): CodeIgniter\View\View->render('main', [], true)
 4 APPPATH\Controllers\Home.php(9): view('main')
 5 SYSTEMPATH\CodeIgniter.php(933): App\Controllers\Home->index()
 6 SYSTEMPATH\CodeIgniter.php(509): CodeIgniter\CodeIgniter->runController(Object(App\Controllers\Home))
 7 SYSTEMPATH\CodeIgniter.php(355): CodeIgniter\CodeIgniter->handleRequest(null, Object(Config\Cache), false)
 8 SYSTEMPATH\Boot.php(325): CodeIgniter\CodeIgniter->run()
 9 SYSTEMPATH\Boot.php(67): CodeIgniter\Boot::runCodeIgniter(Object(CodeIgniter\CodeIgniter))
10 FCPATH\index.php(56): CodeIgniter\Boot::bootWeb(Object(Config\Paths))
CRITICAL - 2024-11-11 10:09:41 --> CodeIgniter\View\Exceptions\ViewException: Invalid file: "template.php"
[Method: GET, Route: /]
in SYSTEMPATH\Exceptions\FrameworkException.php on line 41.
 1 SYSTEMPATH\View\View.php(222): CodeIgniter\Exceptions\FrameworkException::forInvalidFile('template.php')
 2 SYSTEMPATH\View\View.php(250): CodeIgniter\View\View->render('template', [], true)
 3 SYSTEMPATH\Common.php(1171): CodeIgniter\View\View->render('main', [], true)
 4 APPPATH\Controllers\Home.php(9): view('main')
 5 SYSTEMPATH\CodeIgniter.php(933): App\Controllers\Home->index()
 6 SYSTEMPATH\CodeIgniter.php(509): CodeIgniter\CodeIgniter->runController(Object(App\Controllers\Home))
 7 SYSTEMPATH\CodeIgniter.php(355): CodeIgniter\CodeIgniter->handleRequest(null, Object(Config\Cache), false)
 8 SYSTEMPATH\Boot.php(325): CodeIgniter\CodeIgniter->run()
 9 SYSTEMPATH\Boot.php(67): CodeIgniter\Boot::runCodeIgniter(Object(CodeIgniter\CodeIgniter))
10 FCPATH\index.php(56): CodeIgniter\Boot::bootWeb(Object(Config\Paths))
CRITICAL - 2024-11-11 10:09:42 --> CodeIgniter\View\Exceptions\ViewException: Invalid file: "template.php"
[Method: GET, Route: /]
in SYSTEMPATH\Exceptions\FrameworkException.php on line 41.
 1 SYSTEMPATH\View\View.php(222): CodeIgniter\Exceptions\FrameworkException::forInvalidFile('template.php')
 2 SYSTEMPATH\View\View.php(250): CodeIgniter\View\View->render('template', [], true)
 3 SYSTEMPATH\Common.php(1171): CodeIgniter\View\View->render('main', [], true)
 4 APPPATH\Controllers\Home.php(9): view('main')
 5 SYSTEMPATH\CodeIgniter.php(933): App\Controllers\Home->index()
 6 SYSTEMPATH\CodeIgniter.php(509): CodeIgniter\CodeIgniter->runController(Object(App\Controllers\Home))
 7 SYSTEMPATH\CodeIgniter.php(355): CodeIgniter\CodeIgniter->handleRequest(null, Object(Config\Cache), false)
 8 SYSTEMPATH\Boot.php(325): CodeIgniter\CodeIgniter->run()
 9 SYSTEMPATH\Boot.php(67): CodeIgniter\Boot::runCodeIgniter(Object(CodeIgniter\CodeIgniter))
10 FCPATH\index.php(56): CodeIgniter\Boot::bootWeb(Object(Config\Paths))
CRITICAL - 2024-11-11 10:09:44 --> CodeIgniter\View\Exceptions\ViewException: Invalid file: "template.php"
[Method: GET, Route: /]
in SYSTEMPATH\Exceptions\FrameworkException.php on line 41.
 1 SYSTEMPATH\View\View.php(222): CodeIgniter\Exceptions\FrameworkException::forInvalidFile('template.php')
 2 SYSTEMPATH\View\View.php(250): CodeIgniter\View\View->render('template', [], true)
 3 SYSTEMPATH\Common.php(1171): CodeIgniter\View\View->render('main', [], true)
 4 APPPATH\Controllers\Home.php(9): view('main')
 5 SYSTEMPATH\CodeIgniter.php(933): App\Controllers\Home->index()
 6 SYSTEMPATH\CodeIgniter.php(509): CodeIgniter\CodeIgniter->runController(Object(App\Controllers\Home))
 7 SYSTEMPATH\CodeIgniter.php(355): CodeIgniter\CodeIgniter->handleRequest(null, Object(Config\Cache), false)
 8 SYSTEMPATH\Boot.php(325): CodeIgniter\CodeIgniter->run()
 9 SYSTEMPATH\Boot.php(67): CodeIgniter\Boot::runCodeIgniter(Object(CodeIgniter\CodeIgniter))
10 FCPATH\index.php(56): CodeIgniter\Boot::bootWeb(Object(Config\Paths))
CRITICAL - 2024-11-11 10:27:56 --> CodeIgniter\View\Exceptions\ViewException: Invalid file: "Vievs/pages/main.php"
[Method: GET, Route: /]
in SYSTEMPATH\Exceptions\FrameworkException.php on line 41.
 1 SYSTEMPATH\View\View.php(222): CodeIgniter\Exceptions\FrameworkException::forInvalidFile('Vievs/pages/main.php')
 2 SYSTEMPATH\Common.php(1171): CodeIgniter\View\View->render('Vievs/pages/main', [], true)
 3 APPPATH\Controllers\Home.php(9): view('Vievs/pages/main')
 4 SYSTEMPATH\CodeIgniter.php(933): App\Controllers\Home->index()
 5 SYSTEMPATH\CodeIgniter.php(509): CodeIgniter\CodeIgniter->runController(Object(App\Controllers\Home))
 6 SYSTEMPATH\CodeIgniter.php(355): CodeIgniter\CodeIgniter->handleRequest(null, Object(Config\Cache), false)
 7 SYSTEMPATH\Boot.php(325): CodeIgniter\CodeIgniter->run()
 8 SYSTEMPATH\Boot.php(67): CodeIgniter\Boot::runCodeIgniter(Object(CodeIgniter\CodeIgniter))
 9 FCPATH\index.php(56): CodeIgniter\Boot::bootWeb(Object(Config\Paths))
CRITICAL - 2024-11-11 10:28:07 --> CodeIgniter\View\Exceptions\ViewException: Invalid file: "Views/pages/main.php"
[Method: GET, Route: /]
in SYSTEMPATH\Exceptions\FrameworkException.php on line 41.
 1 SYSTEMPATH\View\View.php(222): CodeIgniter\Exceptions\FrameworkException::forInvalidFile('Views/pages/main.php')
 2 SYSTEMPATH\Common.php(1171): CodeIgniter\View\View->render('Views/pages/main', [], true)
 3 APPPATH\Controllers\Home.php(9): view('Views/pages/main')
 4 SYSTEMPATH\CodeIgniter.php(933): App\Controllers\Home->index()
 5 SYSTEMPATH\CodeIgniter.php(509): CodeIgniter\CodeIgniter->runController(Object(App\Controllers\Home))
 6 SYSTEMPATH\CodeIgniter.php(355): CodeIgniter\CodeIgniter->handleRequest(null, Object(Config\Cache), false)
 7 SYSTEMPATH\Boot.php(325): CodeIgniter\CodeIgniter->run()
 8 SYSTEMPATH\Boot.php(67): CodeIgniter\Boot::runCodeIgniter(Object(CodeIgniter\CodeIgniter))
 9 FCPATH\index.php(56): CodeIgniter\Boot::bootWeb(Object(Config\Paths))
CRITICAL - 2024-11-11 10:28:11 --> CodeIgniter\View\Exceptions\ViewException: Invalid file: "Views/pages/main.php"
[Method: GET, Route: /]
in SYSTEMPATH\Exceptions\FrameworkException.php on line 41.
 1 SYSTEMPATH\View\View.php(222): CodeIgniter\Exceptions\FrameworkException::forInvalidFile('Views/pages/main.php')
 2 SYSTEMPATH\Common.php(1171): CodeIgniter\View\View->render('Views/pages/main', [], true)
 3 APPPATH\Controllers\Home.php(9): view('Views/pages/main')
 4 SYSTEMPATH\CodeIgniter.php(933): App\Controllers\Home->index()
 5 SYSTEMPATH\CodeIgniter.php(509): CodeIgniter\CodeIgniter->runController(Object(App\Controllers\Home))
 6 SYSTEMPATH\CodeIgniter.php(355): CodeIgniter\CodeIgniter->handleRequest(null, Object(Config\Cache), false)
 7 SYSTEMPATH\Boot.php(325): CodeIgniter\CodeIgniter->run()
 8 SYSTEMPATH\Boot.php(67): CodeIgniter\Boot::runCodeIgniter(Object(CodeIgniter\CodeIgniter))
 9 FCPATH\index.php(56): CodeIgniter\Boot::bootWeb(Object(Config\Paths))
CRITICAL - 2024-11-11 10:28:12 --> CodeIgniter\View\Exceptions\ViewException: Invalid file: "Views/pages/main.php"
[Method: GET, Route: /]
in SYSTEMPATH\Exceptions\FrameworkException.php on line 41.
 1 SYSTEMPATH\View\View.php(222): CodeIgniter\Exceptions\FrameworkException::forInvalidFile('Views/pages/main.php')
 2 SYSTEMPATH\Common.php(1171): CodeIgniter\View\View->render('Views/pages/main', [], true)
 3 APPPATH\Controllers\Home.php(9): view('Views/pages/main')
 4 SYSTEMPATH\CodeIgniter.php(933): App\Controllers\Home->index()
 5 SYSTEMPATH\CodeIgniter.php(509): CodeIgniter\CodeIgniter->runController(Object(App\Controllers\Home))
 6 SYSTEMPATH\CodeIgniter.php(355): CodeIgniter\CodeIgniter->handleRequest(null, Object(Config\Cache), false)
 7 SYSTEMPATH\Boot.php(325): CodeIgniter\CodeIgniter->run()
 8 SYSTEMPATH\Boot.php(67): CodeIgniter\Boot::runCodeIgniter(Object(CodeIgniter\CodeIgniter))
 9 FCPATH\index.php(56): CodeIgniter\Boot::bootWeb(Object(Config\Paths))
CRITICAL - 2024-11-11 10:28:12 --> CodeIgniter\View\Exceptions\ViewException: Invalid file: "Views/pages/main.php"
[Method: GET, Route: /]
in SYSTEMPATH\Exceptions\FrameworkException.php on line 41.
 1 SYSTEMPATH\View\View.php(222): CodeIgniter\Exceptions\FrameworkException::forInvalidFile('Views/pages/main.php')
 2 SYSTEMPATH\Common.php(1171): CodeIgniter\View\View->render('Views/pages/main', [], true)
 3 APPPATH\Controllers\Home.php(9): view('Views/pages/main')
 4 SYSTEMPATH\CodeIgniter.php(933): App\Controllers\Home->index()
 5 SYSTEMPATH\CodeIgniter.php(509): CodeIgniter\CodeIgniter->runController(Object(App\Controllers\Home))
 6 SYSTEMPATH\CodeIgniter.php(355): CodeIgniter\CodeIgniter->handleRequest(null, Object(Config\Cache), false)
 7 SYSTEMPATH\Boot.php(325): CodeIgniter\CodeIgniter->run()
 8 SYSTEMPATH\Boot.php(67): CodeIgniter\Boot::runCodeIgniter(Object(CodeIgniter\CodeIgniter))
 9 FCPATH\index.php(56): CodeIgniter\Boot::bootWeb(Object(Config\Paths))
CRITICAL - 2024-11-11 10:28:19 --> CodeIgniter\View\Exceptions\ViewException: Invalid file: "layouts/main.php"
[Method: GET, Route: /]
in SYSTEMPATH\Exceptions\FrameworkException.php on line 41.
 1 SYSTEMPATH\View\View.php(222): CodeIgniter\Exceptions\FrameworkException::forInvalidFile('layouts/main.php')
 2 SYSTEMPATH\View\View.php(250): CodeIgniter\View\View->render('layouts/main', [], true)
 3 SYSTEMPATH\Common.php(1171): CodeIgniter\View\View->render('Views/pages/home', [], true)
 4 APPPATH\Controllers\Home.php(9): view('Views/pages/home')
 5 SYSTEMPATH\CodeIgniter.php(933): App\Controllers\Home->index()
 6 SYSTEMPATH\CodeIgniter.php(509): CodeIgniter\CodeIgniter->runController(Object(App\Controllers\Home))
 7 SYSTEMPATH\CodeIgniter.php(355): CodeIgniter\CodeIgniter->handleRequest(null, Object(Config\Cache), false)
 8 SYSTEMPATH\Boot.php(325): CodeIgniter\CodeIgniter->run()
 9 SYSTEMPATH\Boot.php(67): CodeIgniter\Boot::runCodeIgniter(Object(CodeIgniter\CodeIgniter))
10 FCPATH\index.php(56): CodeIgniter\Boot::bootWeb(Object(Config\Paths))
CRITICAL - 2024-11-11 10:28:20 --> CodeIgniter\View\Exceptions\ViewException: Invalid file: "layouts/main.php"
[Method: GET, Route: /]
in SYSTEMPATH\Exceptions\FrameworkException.php on line 41.
 1 SYSTEMPATH\View\View.php(222): CodeIgniter\Exceptions\FrameworkException::forInvalidFile('layouts/main.php')
 2 SYSTEMPATH\View\View.php(250): CodeIgniter\View\View->render('layouts/main', [], true)
 3 SYSTEMPATH\Common.php(1171): CodeIgniter\View\View->render('Views/pages/home', [], true)
 4 APPPATH\Controllers\Home.php(9): view('Views/pages/home')
 5 SYSTEMPATH\CodeIgniter.php(933): App\Controllers\Home->index()
 6 SYSTEMPATH\CodeIgniter.php(509): CodeIgniter\CodeIgniter->runController(Object(App\Controllers\Home))
 7 SYSTEMPATH\CodeIgniter.php(355): CodeIgniter\CodeIgniter->handleRequest(null, Object(Config\Cache), false)
 8 SYSTEMPATH\Boot.php(325): CodeIgniter\CodeIgniter->run()
 9 SYSTEMPATH\Boot.php(67): CodeIgniter\Boot::runCodeIgniter(Object(CodeIgniter\CodeIgniter))
10 FCPATH\index.php(56): CodeIgniter\Boot::bootWeb(Object(Config\Paths))
CRITICAL - 2024-11-11 10:28:22 --> CodeIgniter\View\Exceptions\ViewException: Invalid file: "layouts/main.php"
[Method: GET, Route: /]
in SYSTEMPATH\Exceptions\FrameworkException.php on line 41.
 1 SYSTEMPATH\View\View.php(222): CodeIgniter\Exceptions\FrameworkException::forInvalidFile('layouts/main.php')
 2 SYSTEMPATH\View\View.php(250): CodeIgniter\View\View->render('layouts/main', [], true)
 3 SYSTEMPATH\Common.php(1171): CodeIgniter\View\View->render('Views/pages/home', [], true)
 4 APPPATH\Controllers\Home.php(9): view('Views/pages/home')
 5 SYSTEMPATH\CodeIgniter.php(933): App\Controllers\Home->index()
 6 SYSTEMPATH\CodeIgniter.php(509): CodeIgniter\CodeIgniter->runController(Object(App\Controllers\Home))
 7 SYSTEMPATH\CodeIgniter.php(355): CodeIgniter\CodeIgniter->handleRequest(null, Object(Config\Cache), false)
 8 SYSTEMPATH\Boot.php(325): CodeIgniter\CodeIgniter->run()
 9 SYSTEMPATH\Boot.php(67): CodeIgniter\Boot::runCodeIgniter(Object(CodeIgniter\CodeIgniter))
10 FCPATH\index.php(56): CodeIgniter\Boot::bootWeb(Object(Config\Paths))
CRITICAL - 2024-11-11 10:28:22 --> CodeIgniter\View\Exceptions\ViewException: Invalid file: "layouts/main.php"
[Method: GET, Route: /]
in SYSTEMPATH\Exceptions\FrameworkException.php on line 41.
 1 SYSTEMPATH\View\View.php(222): CodeIgniter\Exceptions\FrameworkException::forInvalidFile('layouts/main.php')
 2 SYSTEMPATH\View\View.php(250): CodeIgniter\View\View->render('layouts/main', [], true)
 3 SYSTEMPATH\Common.php(1171): CodeIgniter\View\View->render('Views/pages/home', [], true)
 4 APPPATH\Controllers\Home.php(9): view('Views/pages/home')
 5 SYSTEMPATH\CodeIgniter.php(933): App\Controllers\Home->index()
 6 SYSTEMPATH\CodeIgniter.php(509): CodeIgniter\CodeIgniter->runController(Object(App\Controllers\Home))
 7 SYSTEMPATH\CodeIgniter.php(355): CodeIgniter\CodeIgniter->handleRequest(null, Object(Config\Cache), false)
 8 SYSTEMPATH\Boot.php(325): CodeIgniter\CodeIgniter->run()
 9 SYSTEMPATH\Boot.php(67): CodeIgniter\Boot::runCodeIgniter(Object(CodeIgniter\CodeIgniter))
10 FCPATH\index.php(56): CodeIgniter\Boot::bootWeb(Object(Config\Paths))
CRITICAL - 2024-11-11 10:28:22 --> CodeIgniter\View\Exceptions\ViewException: Invalid file: "layouts/main.php"
[Method: GET, Route: /]
in SYSTEMPATH\Exceptions\FrameworkException.php on line 41.
 1 SYSTEMPATH\View\View.php(222): CodeIgniter\Exceptions\FrameworkException::forInvalidFile('layouts/main.php')
 2 SYSTEMPATH\View\View.php(250): CodeIgniter\View\View->render('layouts/main', [], true)
 3 SYSTEMPATH\Common.php(1171): CodeIgniter\View\View->render('Views/pages/home', [], true)
 4 APPPATH\Controllers\Home.php(9): view('Views/pages/home')
 5 SYSTEMPATH\CodeIgniter.php(933): App\Controllers\Home->index()
 6 SYSTEMPATH\CodeIgniter.php(509): CodeIgniter\CodeIgniter->runController(Object(App\Controllers\Home))
 7 SYSTEMPATH\CodeIgniter.php(355): CodeIgniter\CodeIgniter->handleRequest(null, Object(Config\Cache), false)
 8 SYSTEMPATH\Boot.php(325): CodeIgniter\CodeIgniter->run()
 9 SYSTEMPATH\Boot.php(67): CodeIgniter\Boot::runCodeIgniter(Object(CodeIgniter\CodeIgniter))
10 FCPATH\index.php(56): CodeIgniter\Boot::bootWeb(Object(Config\Paths))
CRITICAL - 2024-11-11 10:28:22 --> CodeIgniter\View\Exceptions\ViewException: Invalid file: "layouts/main.php"
[Method: GET, Route: /]
in SYSTEMPATH\Exceptions\FrameworkException.php on line 41.
 1 SYSTEMPATH\View\View.php(222): CodeIgniter\Exceptions\FrameworkException::forInvalidFile('layouts/main.php')
 2 SYSTEMPATH\View\View.php(250): CodeIgniter\View\View->render('layouts/main', [], true)
 3 SYSTEMPATH\Common.php(1171): CodeIgniter\View\View->render('Views/pages/home', [], true)
 4 APPPATH\Controllers\Home.php(9): view('Views/pages/home')
 5 SYSTEMPATH\CodeIgniter.php(933): App\Controllers\Home->index()
 6 SYSTEMPATH\CodeIgniter.php(509): CodeIgniter\CodeIgniter->runController(Object(App\Controllers\Home))
 7 SYSTEMPATH\CodeIgniter.php(355): CodeIgniter\CodeIgniter->handleRequest(null, Object(Config\Cache), false)
 8 SYSTEMPATH\Boot.php(325): CodeIgniter\CodeIgniter->run()
 9 SYSTEMPATH\Boot.php(67): CodeIgniter\Boot::runCodeIgniter(Object(CodeIgniter\CodeIgniter))
10 FCPATH\index.php(56): CodeIgniter\Boot::bootWeb(Object(Config\Paths))
CRITICAL - 2024-11-11 10:28:23 --> CodeIgniter\View\Exceptions\ViewException: Invalid file: "layouts/main.php"
[Method: GET, Route: /]
in SYSTEMPATH\Exceptions\FrameworkException.php on line 41.
 1 SYSTEMPATH\View\View.php(222): CodeIgniter\Exceptions\FrameworkException::forInvalidFile('layouts/main.php')
 2 SYSTEMPATH\View\View.php(250): CodeIgniter\View\View->render('layouts/main', [], true)
 3 SYSTEMPATH\Common.php(1171): CodeIgniter\View\View->render('Views/pages/home', [], true)
 4 APPPATH\Controllers\Home.php(9): view('Views/pages/home')
 5 SYSTEMPATH\CodeIgniter.php(933): App\Controllers\Home->index()
 6 SYSTEMPATH\CodeIgniter.php(509): CodeIgniter\CodeIgniter->runController(Object(App\Controllers\Home))
 7 SYSTEMPATH\CodeIgniter.php(355): CodeIgniter\CodeIgniter->handleRequest(null, Object(Config\Cache), false)
 8 SYSTEMPATH\Boot.php(325): CodeIgniter\CodeIgniter->run()
 9 SYSTEMPATH\Boot.php(67): CodeIgniter\Boot::runCodeIgniter(Object(CodeIgniter\CodeIgniter))
10 FCPATH\index.php(56): CodeIgniter\Boot::bootWeb(Object(Config\Paths))
CRITICAL - 2024-11-11 10:28:23 --> CodeIgniter\View\Exceptions\ViewException: Invalid file: "layouts/main.php"
[Method: GET, Route: /]
in SYSTEMPATH\Exceptions\FrameworkException.php on line 41.
 1 SYSTEMPATH\View\View.php(222): CodeIgniter\Exceptions\FrameworkException::forInvalidFile('layouts/main.php')
 2 SYSTEMPATH\View\View.php(250): CodeIgniter\View\View->render('layouts/main', [], true)
 3 SYSTEMPATH\Common.php(1171): CodeIgniter\View\View->render('Views/pages/home', [], true)
 4 APPPATH\Controllers\Home.php(9): view('Views/pages/home')
 5 SYSTEMPATH\CodeIgniter.php(933): App\Controllers\Home->index()
 6 SYSTEMPATH\CodeIgniter.php(509): CodeIgniter\CodeIgniter->runController(Object(App\Controllers\Home))
 7 SYSTEMPATH\CodeIgniter.php(355): CodeIgniter\CodeIgniter->handleRequest(null, Object(Config\Cache), false)
 8 SYSTEMPATH\Boot.php(325): CodeIgniter\CodeIgniter->run()
 9 SYSTEMPATH\Boot.php(67): CodeIgniter\Boot::runCodeIgniter(Object(CodeIgniter\CodeIgniter))
10 FCPATH\index.php(56): CodeIgniter\Boot::bootWeb(Object(Config\Paths))
CRITICAL - 2024-11-11 10:32:10 --> ArgumentCountError: Too few arguments to function CodeIgniter\Router\RouteCollection::get(), 1 passed in D:\xampp folder\htdocs\revize\codeigniter4-framework-2849e7f\app\Config\Routes.php on line 8 and at least 2 expected
[Method: GET, Route: /]
in SYSTEMPATH\Router\RouteCollection.php on line 1051.
 1 APPPATH\Config\Routes.php(8): CodeIgniter\Router\RouteCollection->get('main')
 2 SYSTEMPATH\Router\RouteCollection.php(340): require('D:\\xampp folder\\htdocs\\revize\\codeigniter4-framework-2849e7f\\app\\Config\\Routes.php')
 3 SYSTEMPATH\CodeIgniter.php(823): CodeIgniter\Router\RouteCollection->loadRoutes()
 4 SYSTEMPATH\CodeIgniter.php(457): CodeIgniter\CodeIgniter->tryToRouteIt(null)
 5 SYSTEMPATH\CodeIgniter.php(355): CodeIgniter\CodeIgniter->handleRequest(null, Object(Config\Cache), false)
 6 SYSTEMPATH\Boot.php(325): CodeIgniter\CodeIgniter->run()
 7 SYSTEMPATH\Boot.php(67): CodeIgniter\Boot::runCodeIgniter(Object(CodeIgniter\CodeIgniter))
 8 FCPATH\index.php(56): CodeIgniter\Boot::bootWeb(Object(Config\Paths))
CRITICAL - 2024-11-11 10:32:11 --> ArgumentCountError: Too few arguments to function CodeIgniter\Router\RouteCollection::get(), 1 passed in D:\xampp folder\htdocs\revize\codeigniter4-framework-2849e7f\app\Config\Routes.php on line 8 and at least 2 expected
[Method: GET, Route: /]
in SYSTEMPATH\Router\RouteCollection.php on line 1051.
 1 APPPATH\Config\Routes.php(8): CodeIgniter\Router\RouteCollection->get('main')
 2 SYSTEMPATH\Router\RouteCollection.php(340): require('D:\\xampp folder\\htdocs\\revize\\codeigniter4-framework-2849e7f\\app\\Config\\Routes.php')
 3 SYSTEMPATH\CodeIgniter.php(823): CodeIgniter\Router\RouteCollection->loadRoutes()
 4 SYSTEMPATH\CodeIgniter.php(457): CodeIgniter\CodeIgniter->tryToRouteIt(null)
 5 SYSTEMPATH\CodeIgniter.php(355): CodeIgniter\CodeIgniter->handleRequest(null, Object(Config\Cache), false)
 6 SYSTEMPATH\Boot.php(325): CodeIgniter\CodeIgniter->run()
 7 SYSTEMPATH\Boot.php(67): CodeIgniter\Boot::runCodeIgniter(Object(CodeIgniter\CodeIgniter))
 8 FCPATH\index.php(56): CodeIgniter\Boot::bootWeb(Object(Config\Paths))
CRITICAL - 2024-11-11 10:32:11 --> ArgumentCountError: Too few arguments to function CodeIgniter\Router\RouteCollection::get(), 1 passed in D:\xampp folder\htdocs\revize\codeigniter4-framework-2849e7f\app\Config\Routes.php on line 8 and at least 2 expected
[Method: GET, Route: /]
in SYSTEMPATH\Router\RouteCollection.php on line 1051.
 1 APPPATH\Config\Routes.php(8): CodeIgniter\Router\RouteCollection->get('main')
 2 SYSTEMPATH\Router\RouteCollection.php(340): require('D:\\xampp folder\\htdocs\\revize\\codeigniter4-framework-2849e7f\\app\\Config\\Routes.php')
 3 SYSTEMPATH\CodeIgniter.php(823): CodeIgniter\Router\RouteCollection->loadRoutes()
 4 SYSTEMPATH\CodeIgniter.php(457): CodeIgniter\CodeIgniter->tryToRouteIt(null)
 5 SYSTEMPATH\CodeIgniter.php(355): CodeIgniter\CodeIgniter->handleRequest(null, Object(Config\Cache), false)
 6 SYSTEMPATH\Boot.php(325): CodeIgniter\CodeIgniter->run()
 7 SYSTEMPATH\Boot.php(67): CodeIgniter\Boot::runCodeIgniter(Object(CodeIgniter\CodeIgniter))
 8 FCPATH\index.php(56): CodeIgniter\Boot::bootWeb(Object(Config\Paths))
CRITICAL - 2024-11-11 10:32:11 --> ArgumentCountError: Too few arguments to function CodeIgniter\Router\RouteCollection::get(), 1 passed in D:\xampp folder\htdocs\revize\codeigniter4-framework-2849e7f\app\Config\Routes.php on line 8 and at least 2 expected
[Method: GET, Route: /]
in SYSTEMPATH\Router\RouteCollection.php on line 1051.
 1 APPPATH\Config\Routes.php(8): CodeIgniter\Router\RouteCollection->get('main')
 2 SYSTEMPATH\Router\RouteCollection.php(340): require('D:\\xampp folder\\htdocs\\revize\\codeigniter4-framework-2849e7f\\app\\Config\\Routes.php')
 3 SYSTEMPATH\CodeIgniter.php(823): CodeIgniter\Router\RouteCollection->loadRoutes()
 4 SYSTEMPATH\CodeIgniter.php(457): CodeIgniter\CodeIgniter->tryToRouteIt(null)
 5 SYSTEMPATH\CodeIgniter.php(355): CodeIgniter\CodeIgniter->handleRequest(null, Object(Config\Cache), false)
 6 SYSTEMPATH\Boot.php(325): CodeIgniter\CodeIgniter->run()
 7 SYSTEMPATH\Boot.php(67): CodeIgniter\Boot::runCodeIgniter(Object(CodeIgniter\CodeIgniter))
 8 FCPATH\index.php(56): CodeIgniter\Boot::bootWeb(Object(Config\Paths))
CRITICAL - 2024-11-11 10:32:13 --> ArgumentCountError: Too few arguments to function CodeIgniter\Router\RouteCollection::get(), 1 passed in D:\xampp folder\htdocs\revize\codeigniter4-framework-2849e7f\app\Config\Routes.php on line 8 and at least 2 expected
[Method: GET, Route: /]
in SYSTEMPATH\Router\RouteCollection.php on line 1051.
 1 APPPATH\Config\Routes.php(8): CodeIgniter\Router\RouteCollection->get('main')
 2 SYSTEMPATH\Router\RouteCollection.php(340): require('D:\\xampp folder\\htdocs\\revize\\codeigniter4-framework-2849e7f\\app\\Config\\Routes.php')
 3 SYSTEMPATH\CodeIgniter.php(823): CodeIgniter\Router\RouteCollection->loadRoutes()
 4 SYSTEMPATH\CodeIgniter.php(457): CodeIgniter\CodeIgniter->tryToRouteIt(null)
 5 SYSTEMPATH\CodeIgniter.php(355): CodeIgniter\CodeIgniter->handleRequest(null, Object(Config\Cache), false)
 6 SYSTEMPATH\Boot.php(325): CodeIgniter\CodeIgniter->run()
 7 SYSTEMPATH\Boot.php(67): CodeIgniter\Boot::runCodeIgniter(Object(CodeIgniter\CodeIgniter))
 8 FCPATH\index.php(56): CodeIgniter\Boot::bootWeb(Object(Config\Paths))
CRITICAL - 2024-11-11 10:32:14 --> ArgumentCountError: Too few arguments to function CodeIgniter\Router\RouteCollection::get(), 1 passed in D:\xampp folder\htdocs\revize\codeigniter4-framework-2849e7f\app\Config\Routes.php on line 8 and at least 2 expected
[Method: GET, Route: /]
in SYSTEMPATH\Router\RouteCollection.php on line 1051.
 1 APPPATH\Config\Routes.php(8): CodeIgniter\Router\RouteCollection->get('main')
 2 SYSTEMPATH\Router\RouteCollection.php(340): require('D:\\xampp folder\\htdocs\\revize\\codeigniter4-framework-2849e7f\\app\\Config\\Routes.php')
 3 SYSTEMPATH\CodeIgniter.php(823): CodeIgniter\Router\RouteCollection->loadRoutes()
 4 SYSTEMPATH\CodeIgniter.php(457): CodeIgniter\CodeIgniter->tryToRouteIt(null)
 5 SYSTEMPATH\CodeIgniter.php(355): CodeIgniter\CodeIgniter->handleRequest(null, Object(Config\Cache), false)
 6 SYSTEMPATH\Boot.php(325): CodeIgniter\CodeIgniter->run()
 7 SYSTEMPATH\Boot.php(67): CodeIgniter\Boot::runCodeIgniter(Object(CodeIgniter\CodeIgniter))
 8 FCPATH\index.php(56): CodeIgniter\Boot::bootWeb(Object(Config\Paths))
CRITICAL - 2024-11-11 10:32:18 --> ArgumentCountError: Too few arguments to function CodeIgniter\Router\RouteCollection::get(), 1 passed in D:\xampp folder\htdocs\revize\codeigniter4-framework-2849e7f\app\Config\Routes.php on line 8 and at least 2 expected
[Method: GET, Route: /]
in SYSTEMPATH\Router\RouteCollection.php on line 1051.
 1 APPPATH\Config\Routes.php(8): CodeIgniter\Router\RouteCollection->get('main')
 2 SYSTEMPATH\Router\RouteCollection.php(340): require('D:\\xampp folder\\htdocs\\revize\\codeigniter4-framework-2849e7f\\app\\Config\\Routes.php')
 3 SYSTEMPATH\CodeIgniter.php(823): CodeIgniter\Router\RouteCollection->loadRoutes()
 4 SYSTEMPATH\CodeIgniter.php(457): CodeIgniter\CodeIgniter->tryToRouteIt(null)
 5 SYSTEMPATH\CodeIgniter.php(355): CodeIgniter\CodeIgniter->handleRequest(null, Object(Config\Cache), false)
 6 SYSTEMPATH\Boot.php(325): CodeIgniter\CodeIgniter->run()
 7 SYSTEMPATH\Boot.php(67): CodeIgniter\Boot::runCodeIgniter(Object(CodeIgniter\CodeIgniter))
 8 FCPATH\index.php(56): CodeIgniter\Boot::bootWeb(Object(Config\Paths))
CRITICAL - 2024-11-11 10:32:19 --> ArgumentCountError: Too few arguments to function CodeIgniter\Router\RouteCollection::get(), 1 passed in D:\xampp folder\htdocs\revize\codeigniter4-framework-2849e7f\app\Config\Routes.php on line 8 and at least 2 expected
[Method: GET, Route: /]
in SYSTEMPATH\Router\RouteCollection.php on line 1051.
 1 APPPATH\Config\Routes.php(8): CodeIgniter\Router\RouteCollection->get('main')
 2 SYSTEMPATH\Router\RouteCollection.php(340): require('D:\\xampp folder\\htdocs\\revize\\codeigniter4-framework-2849e7f\\app\\Config\\Routes.php')
 3 SYSTEMPATH\CodeIgniter.php(823): CodeIgniter\Router\RouteCollection->loadRoutes()
 4 SYSTEMPATH\CodeIgniter.php(457): CodeIgniter\CodeIgniter->tryToRouteIt(null)
 5 SYSTEMPATH\CodeIgniter.php(355): CodeIgniter\CodeIgniter->handleRequest(null, Object(Config\Cache), false)
 6 SYSTEMPATH\Boot.php(325): CodeIgniter\CodeIgniter->run()
 7 SYSTEMPATH\Boot.php(67): CodeIgniter\Boot::runCodeIgniter(Object(CodeIgniter\CodeIgniter))
 8 FCPATH\index.php(56): CodeIgniter\Boot::bootWeb(Object(Config\Paths))
CRITICAL - 2024-11-11 10:32:19 --> ArgumentCountError: Too few arguments to function CodeIgniter\Router\RouteCollection::get(), 1 passed in D:\xampp folder\htdocs\revize\codeigniter4-framework-2849e7f\app\Config\Routes.php on line 8 and at least 2 expected
[Method: GET, Route: /]
in SYSTEMPATH\Router\RouteCollection.php on line 1051.
 1 APPPATH\Config\Routes.php(8): CodeIgniter\Router\RouteCollection->get('main')
 2 SYSTEMPATH\Router\RouteCollection.php(340): require('D:\\xampp folder\\htdocs\\revize\\codeigniter4-framework-2849e7f\\app\\Config\\Routes.php')
 3 SYSTEMPATH\CodeIgniter.php(823): CodeIgniter\Router\RouteCollection->loadRoutes()
 4 SYSTEMPATH\CodeIgniter.php(457): CodeIgniter\CodeIgniter->tryToRouteIt(null)
 5 SYSTEMPATH\CodeIgniter.php(355): CodeIgniter\CodeIgniter->handleRequest(null, Object(Config\Cache), false)
 6 SYSTEMPATH\Boot.php(325): CodeIgniter\CodeIgniter->run()
 7 SYSTEMPATH\Boot.php(67): CodeIgniter\Boot::runCodeIgniter(Object(CodeIgniter\CodeIgniter))
 8 FCPATH\index.php(56): CodeIgniter\Boot::bootWeb(Object(Config\Paths))
CRITICAL - 2024-11-11 10:32:21 --> ArgumentCountError: Too few arguments to function CodeIgniter\Router\RouteCollection::get(), 1 passed in D:\xampp folder\htdocs\revize\codeigniter4-framework-2849e7f\app\Config\Routes.php on line 8 and at least 2 expected
[Method: GET, Route: /]
in SYSTEMPATH\Router\RouteCollection.php on line 1051.
 1 APPPATH\Config\Routes.php(8): CodeIgniter\Router\RouteCollection->get('main')
 2 SYSTEMPATH\Router\RouteCollection.php(340): require('D:\\xampp folder\\htdocs\\revize\\codeigniter4-framework-2849e7f\\app\\Config\\Routes.php')
 3 SYSTEMPATH\CodeIgniter.php(823): CodeIgniter\Router\RouteCollection->loadRoutes()
 4 SYSTEMPATH\CodeIgniter.php(457): CodeIgniter\CodeIgniter->tryToRouteIt(null)
 5 SYSTEMPATH\CodeIgniter.php(355): CodeIgniter\CodeIgniter->handleRequest(null, Object(Config\Cache), false)
 6 SYSTEMPATH\Boot.php(325): CodeIgniter\CodeIgniter->run()
 7 SYSTEMPATH\Boot.php(67): CodeIgniter\Boot::runCodeIgniter(Object(CodeIgniter\CodeIgniter))
 8 FCPATH\index.php(56): CodeIgniter\Boot::bootWeb(Object(Config\Paths))
CRITICAL - 2024-11-11 10:32:22 --> ArgumentCountError: Too few arguments to function CodeIgniter\Router\RouteCollection::get(), 1 passed in D:\xampp folder\htdocs\revize\codeigniter4-framework-2849e7f\app\Config\Routes.php on line 8 and at least 2 expected
[Method: GET, Route: /]
in SYSTEMPATH\Router\RouteCollection.php on line 1051.
 1 APPPATH\Config\Routes.php(8): CodeIgniter\Router\RouteCollection->get('main')
 2 SYSTEMPATH\Router\RouteCollection.php(340): require('D:\\xampp folder\\htdocs\\revize\\codeigniter4-framework-2849e7f\\app\\Config\\Routes.php')
 3 SYSTEMPATH\CodeIgniter.php(823): CodeIgniter\Router\RouteCollection->loadRoutes()
 4 SYSTEMPATH\CodeIgniter.php(457): CodeIgniter\CodeIgniter->tryToRouteIt(null)
 5 SYSTEMPATH\CodeIgniter.php(355): CodeIgniter\CodeIgniter->handleRequest(null, Object(Config\Cache), false)
 6 SYSTEMPATH\Boot.php(325): CodeIgniter\CodeIgniter->run()
 7 SYSTEMPATH\Boot.php(67): CodeIgniter\Boot::runCodeIgniter(Object(CodeIgniter\CodeIgniter))
 8 FCPATH\index.php(56): CodeIgniter\Boot::bootWeb(Object(Config\Paths))
CRITICAL - 2024-11-11 11:31:22 --> ErrorException: include(layouts/nav.php): Failed to open stream: No such file or directory
[Method: GET, Route: /]
in APPPATH\Views\template\template.php on line 13.
 1 APPPATH\Views\template\template.php(13): CodeIgniter\Debug\Exceptions->errorHandler(2, 'include(layouts/nav.php): Failed to open stream: No such file or directory', 'D:\\xampp folder\\htdocs\\revize\\codeigniter4-framework-2849e7f\\app\\Views\\template\\template.php', 13)
 2 APPPATH\Views\template\template.php(13): include()
 3 SYSTEMPATH\View\View.php(234): include('D:\\xampp folder\\htdocs\\revize\\codeigniter4-framework-2849e7f\\app\\Views\\template\\template.php')
 4 SYSTEMPATH\View\View.php(237): CodeIgniter\View\View->CodeIgniter\View\{closure}()
 5 SYSTEMPATH\View\View.php(250): CodeIgniter\View\View->render('template/template', [], true)
 6 SYSTEMPATH\Common.php(1171): CodeIgniter\View\View->render('pages/home', [], true)
 7 APPPATH\Controllers\Home.php(9): view('pages/home')
 8 SYSTEMPATH\CodeIgniter.php(933): App\Controllers\Home->index()
 9 SYSTEMPATH\CodeIgniter.php(509): CodeIgniter\CodeIgniter->runController(Object(App\Controllers\Home))
10 SYSTEMPATH\CodeIgniter.php(355): CodeIgniter\CodeIgniter->handleRequest(null, Object(Config\Cache), false)
11 SYSTEMPATH\Boot.php(325): CodeIgniter\CodeIgniter->run()
12 SYSTEMPATH\Boot.php(67): CodeIgniter\Boot::runCodeIgniter(Object(CodeIgniter\CodeIgniter))
13 FCPATH\index.php(56): CodeIgniter\Boot::bootWeb(Object(Config\Paths))
CRITICAL - 2024-11-11 11:33:50 --> ErrorException: include(nav.php): Failed to open stream: No such file or directory
[Method: GET, Route: /]
in APPPATH\Views\pages\home.php on line 8.
 1 APPPATH\Views\pages\home.php(8): CodeIgniter\Debug\Exceptions->errorHandler(2, 'include(nav.php): Failed to open stream: No such file or directory', 'D:\\xampp folder\\htdocs\\revize\\codeigniter4-framework-2849e7f\\app\\Views\\pages\\home.php', 8)
 2 APPPATH\Views\pages\home.php(8): include()
 3 SYSTEMPATH\View\View.php(234): include('D:\\xampp folder\\htdocs\\revize\\codeigniter4-framework-2849e7f\\app\\Views\\pages\\home.php')
 4 SYSTEMPATH\View\View.php(237): CodeIgniter\View\View->CodeIgniter\View\{closure}()
 5 SYSTEMPATH\Common.php(1171): CodeIgniter\View\View->render('pages/home', [], true)
 6 APPPATH\Controllers\Home.php(9): view('pages/home')
 7 SYSTEMPATH\CodeIgniter.php(933): App\Controllers\Home->index()
 8 SYSTEMPATH\CodeIgniter.php(509): CodeIgniter\CodeIgniter->runController(Object(App\Controllers\Home))
 9 SYSTEMPATH\CodeIgniter.php(355): CodeIgniter\CodeIgniter->handleRequest(null, Object(Config\Cache), false)
10 SYSTEMPATH\Boot.php(325): CodeIgniter\CodeIgniter->run()
11 SYSTEMPATH\Boot.php(67): CodeIgniter\Boot::runCodeIgniter(Object(CodeIgniter\CodeIgniter))
12 FCPATH\index.php(56): CodeIgniter\Boot::bootWeb(Object(Config\Paths))
CRITICAL - 2024-11-11 11:33:50 --> ErrorException: include(nav.php): Failed to open stream: No such file or directory
[Method: GET, Route: /]
in APPPATH\Views\pages\home.php on line 8.
 1 APPPATH\Views\pages\home.php(8): CodeIgniter\Debug\Exceptions->errorHandler(2, 'include(nav.php): Failed to open stream: No such file or directory', 'D:\\xampp folder\\htdocs\\revize\\codeigniter4-framework-2849e7f\\app\\Views\\pages\\home.php', 8)
 2 APPPATH\Views\pages\home.php(8): include()
 3 SYSTEMPATH\View\View.php(234): include('D:\\xampp folder\\htdocs\\revize\\codeigniter4-framework-2849e7f\\app\\Views\\pages\\home.php')
 4 SYSTEMPATH\View\View.php(237): CodeIgniter\View\View->CodeIgniter\View\{closure}()
 5 SYSTEMPATH\Common.php(1171): CodeIgniter\View\View->render('pages/home', [], true)
 6 APPPATH\Controllers\Home.php(9): view('pages/home')
 7 SYSTEMPATH\CodeIgniter.php(933): App\Controllers\Home->index()
 8 SYSTEMPATH\CodeIgniter.php(509): CodeIgniter\CodeIgniter->runController(Object(App\Controllers\Home))
 9 SYSTEMPATH\CodeIgniter.php(355): CodeIgniter\CodeIgniter->handleRequest(null, Object(Config\Cache), false)
10 SYSTEMPATH\Boot.php(325): CodeIgniter\CodeIgniter->run()
11 SYSTEMPATH\Boot.php(67): CodeIgniter\Boot::runCodeIgniter(Object(CodeIgniter\CodeIgniter))
12 FCPATH\index.php(56): CodeIgniter\Boot::bootWeb(Object(Config\Paths))
CRITICAL - 2024-11-11 11:33:51 --> ErrorException: include(nav.php): Failed to open stream: No such file or directory
[Method: GET, Route: /]
in APPPATH\Views\pages\home.php on line 8.
 1 APPPATH\Views\pages\home.php(8): CodeIgniter\Debug\Exceptions->errorHandler(2, 'include(nav.php): Failed to open stream: No such file or directory', 'D:\\xampp folder\\htdocs\\revize\\codeigniter4-framework-2849e7f\\app\\Views\\pages\\home.php', 8)
 2 APPPATH\Views\pages\home.php(8): include()
 3 SYSTEMPATH\View\View.php(234): include('D:\\xampp folder\\htdocs\\revize\\codeigniter4-framework-2849e7f\\app\\Views\\pages\\home.php')
 4 SYSTEMPATH\View\View.php(237): CodeIgniter\View\View->CodeIgniter\View\{closure}()
 5 SYSTEMPATH\Common.php(1171): CodeIgniter\View\View->render('pages/home', [], true)
 6 APPPATH\Controllers\Home.php(9): view('pages/home')
 7 SYSTEMPATH\CodeIgniter.php(933): App\Controllers\Home->index()
 8 SYSTEMPATH\CodeIgniter.php(509): CodeIgniter\CodeIgniter->runController(Object(App\Controllers\Home))
 9 SYSTEMPATH\CodeIgniter.php(355): CodeIgniter\CodeIgniter->handleRequest(null, Object(Config\Cache), false)
10 SYSTEMPATH\Boot.php(325): CodeIgniter\CodeIgniter->run()
11 SYSTEMPATH\Boot.php(67): CodeIgniter\Boot::runCodeIgniter(Object(CodeIgniter\CodeIgniter))
12 FCPATH\index.php(56): CodeIgniter\Boot::bootWeb(Object(Config\Paths))
CRITICAL - 2024-11-11 11:34:08 --> ErrorException: include(layouts/nav.php): Failed to open stream: No such file or directory
[Method: GET, Route: /]
in APPPATH\Views\pages\home.php on line 8.
 1 APPPATH\Views\pages\home.php(8): CodeIgniter\Debug\Exceptions->errorHandler(2, 'include(layouts/nav.php): Failed to open stream: No such file or directory', 'D:\\xampp folder\\htdocs\\revize\\codeigniter4-framework-2849e7f\\app\\Views\\pages\\home.php', 8)
 2 APPPATH\Views\pages\home.php(8): include()
 3 SYSTEMPATH\View\View.php(234): include('D:\\xampp folder\\htdocs\\revize\\codeigniter4-framework-2849e7f\\app\\Views\\pages\\home.php')
 4 SYSTEMPATH\View\View.php(237): CodeIgniter\View\View->CodeIgniter\View\{closure}()
 5 SYSTEMPATH\Common.php(1171): CodeIgniter\View\View->render('pages/home', [], true)
 6 APPPATH\Controllers\Home.php(9): view('pages/home')
 7 SYSTEMPATH\CodeIgniter.php(933): App\Controllers\Home->index()
 8 SYSTEMPATH\CodeIgniter.php(509): CodeIgniter\CodeIgniter->runController(Object(App\Controllers\Home))
 9 SYSTEMPATH\CodeIgniter.php(355): CodeIgniter\CodeIgniter->handleRequest(null, Object(Config\Cache), false)
10 SYSTEMPATH\Boot.php(325): CodeIgniter\CodeIgniter->run()
11 SYSTEMPATH\Boot.php(67): CodeIgniter\Boot::runCodeIgniter(Object(CodeIgniter\CodeIgniter))
12 FCPATH\index.php(56): CodeIgniter\Boot::bootWeb(Object(Config\Paths))
CRITICAL - 2024-11-11 11:34:09 --> ErrorException: include(layouts/nav.php): Failed to open stream: No such file or directory
[Method: GET, Route: /]
in APPPATH\Views\pages\home.php on line 8.
 1 APPPATH\Views\pages\home.php(8): CodeIgniter\Debug\Exceptions->errorHandler(2, 'include(layouts/nav.php): Failed to open stream: No such file or directory', 'D:\\xampp folder\\htdocs\\revize\\codeigniter4-framework-2849e7f\\app\\Views\\pages\\home.php', 8)
 2 APPPATH\Views\pages\home.php(8): include()
 3 SYSTEMPATH\View\View.php(234): include('D:\\xampp folder\\htdocs\\revize\\codeigniter4-framework-2849e7f\\app\\Views\\pages\\home.php')
 4 SYSTEMPATH\View\View.php(237): CodeIgniter\View\View->CodeIgniter\View\{closure}()
 5 SYSTEMPATH\Common.php(1171): CodeIgniter\View\View->render('pages/home', [], true)
 6 APPPATH\Controllers\Home.php(9): view('pages/home')
 7 SYSTEMPATH\CodeIgniter.php(933): App\Controllers\Home->index()
 8 SYSTEMPATH\CodeIgniter.php(509): CodeIgniter\CodeIgniter->runController(Object(App\Controllers\Home))
 9 SYSTEMPATH\CodeIgniter.php(355): CodeIgniter\CodeIgniter->handleRequest(null, Object(Config\Cache), false)
10 SYSTEMPATH\Boot.php(325): CodeIgniter\CodeIgniter->run()
11 SYSTEMPATH\Boot.php(67): CodeIgniter\Boot::runCodeIgniter(Object(CodeIgniter\CodeIgniter))
12 FCPATH\index.php(56): CodeIgniter\Boot::bootWeb(Object(Config\Paths))
CRITICAL - 2024-11-11 11:34:11 --> ErrorException: include(layouts/nav.php): Failed to open stream: No such file or directory
[Method: GET, Route: /]
in APPPATH\Views\pages\home.php on line 8.
 1 APPPATH\Views\pages\home.php(8): CodeIgniter\Debug\Exceptions->errorHandler(2, 'include(layouts/nav.php): Failed to open stream: No such file or directory', 'D:\\xampp folder\\htdocs\\revize\\codeigniter4-framework-2849e7f\\app\\Views\\pages\\home.php', 8)
 2 APPPATH\Views\pages\home.php(8): include()
 3 SYSTEMPATH\View\View.php(234): include('D:\\xampp folder\\htdocs\\revize\\codeigniter4-framework-2849e7f\\app\\Views\\pages\\home.php')
 4 SYSTEMPATH\View\View.php(237): CodeIgniter\View\View->CodeIgniter\View\{closure}()
 5 SYSTEMPATH\Common.php(1171): CodeIgniter\View\View->render('pages/home', [], true)
 6 APPPATH\Controllers\Home.php(9): view('pages/home')
 7 SYSTEMPATH\CodeIgniter.php(933): App\Controllers\Home->index()
 8 SYSTEMPATH\CodeIgniter.php(509): CodeIgniter\CodeIgniter->runController(Object(App\Controllers\Home))
 9 SYSTEMPATH\CodeIgniter.php(355): CodeIgniter\CodeIgniter->handleRequest(null, Object(Config\Cache), false)
10 SYSTEMPATH\Boot.php(325): CodeIgniter\CodeIgniter->run()
11 SYSTEMPATH\Boot.php(67): CodeIgniter\Boot::runCodeIgniter(Object(CodeIgniter\CodeIgniter))
12 FCPATH\index.php(56): CodeIgniter\Boot::bootWeb(Object(Config\Paths))
CRITICAL - 2024-11-11 11:36:55 --> ErrorException: include(partials/nav.php): Failed to open stream: No such file or directory
[Method: GET, Route: /]
in APPPATH\Views\pages\home.php on line 8.
 1 APPPATH\Views\pages\home.php(8): CodeIgniter\Debug\Exceptions->errorHandler(2, 'include(partials/nav.php): Failed to open stream: No such file or directory', 'D:\\xampp folder\\htdocs\\revize\\codeigniter4-framework-2849e7f\\app\\Views\\pages\\home.php', 8)
 2 APPPATH\Views\pages\home.php(8): include()
 3 SYSTEMPATH\View\View.php(234): include('D:\\xampp folder\\htdocs\\revize\\codeigniter4-framework-2849e7f\\app\\Views\\pages\\home.php')
 4 SYSTEMPATH\View\View.php(237): CodeIgniter\View\View->CodeIgniter\View\{closure}()
 5 SYSTEMPATH\Common.php(1171): CodeIgniter\View\View->render('pages/home', [], true)
 6 APPPATH\Controllers\Home.php(9): view('pages/home')
 7 SYSTEMPATH\CodeIgniter.php(933): App\Controllers\Home->index()
 8 SYSTEMPATH\CodeIgniter.php(509): CodeIgniter\CodeIgniter->runController(Object(App\Controllers\Home))
 9 SYSTEMPATH\CodeIgniter.php(355): CodeIgniter\CodeIgniter->handleRequest(null, Object(Config\Cache), false)
10 SYSTEMPATH\Boot.php(325): CodeIgniter\CodeIgniter->run()
11 SYSTEMPATH\Boot.php(67): CodeIgniter\Boot::runCodeIgniter(Object(CodeIgniter\CodeIgniter))
12 FCPATH\index.php(56): CodeIgniter\Boot::bootWeb(Object(Config\Paths))
CRITICAL - 2024-11-11 11:36:56 --> ErrorException: include(partials/nav.php): Failed to open stream: No such file or directory
[Method: GET, Route: /]
in APPPATH\Views\pages\home.php on line 8.
 1 APPPATH\Views\pages\home.php(8): CodeIgniter\Debug\Exceptions->errorHandler(2, 'include(partials/nav.php): Failed to open stream: No such file or directory', 'D:\\xampp folder\\htdocs\\revize\\codeigniter4-framework-2849e7f\\app\\Views\\pages\\home.php', 8)
 2 APPPATH\Views\pages\home.php(8): include()
 3 SYSTEMPATH\View\View.php(234): include('D:\\xampp folder\\htdocs\\revize\\codeigniter4-framework-2849e7f\\app\\Views\\pages\\home.php')
 4 SYSTEMPATH\View\View.php(237): CodeIgniter\View\View->CodeIgniter\View\{closure}()
 5 SYSTEMPATH\Common.php(1171): CodeIgniter\View\View->render('pages/home', [], true)
 6 APPPATH\Controllers\Home.php(9): view('pages/home')
 7 SYSTEMPATH\CodeIgniter.php(933): App\Controllers\Home->index()
 8 SYSTEMPATH\CodeIgniter.php(509): CodeIgniter\CodeIgniter->runController(Object(App\Controllers\Home))
 9 SYSTEMPATH\CodeIgniter.php(355): CodeIgniter\CodeIgniter->handleRequest(null, Object(Config\Cache), false)
10 SYSTEMPATH\Boot.php(325): CodeIgniter\CodeIgniter->run()
11 SYSTEMPATH\Boot.php(67): CodeIgniter\Boot::runCodeIgniter(Object(CodeIgniter\CodeIgniter))
12 FCPATH\index.php(56): CodeIgniter\Boot::bootWeb(Object(Config\Paths))
CRITICAL - 2024-11-11 11:36:58 --> ErrorException: include(partials/nav.php): Failed to open stream: No such file or directory
[Method: GET, Route: /]
in APPPATH\Views\pages\home.php on line 8.
 1 APPPATH\Views\pages\home.php(8): CodeIgniter\Debug\Exceptions->errorHandler(2, 'include(partials/nav.php): Failed to open stream: No such file or directory', 'D:\\xampp folder\\htdocs\\revize\\codeigniter4-framework-2849e7f\\app\\Views\\pages\\home.php', 8)
 2 APPPATH\Views\pages\home.php(8): include()
 3 SYSTEMPATH\View\View.php(234): include('D:\\xampp folder\\htdocs\\revize\\codeigniter4-framework-2849e7f\\app\\Views\\pages\\home.php')
 4 SYSTEMPATH\View\View.php(237): CodeIgniter\View\View->CodeIgniter\View\{closure}()
 5 SYSTEMPATH\Common.php(1171): CodeIgniter\View\View->render('pages/home', [], true)
 6 APPPATH\Controllers\Home.php(9): view('pages/home')
 7 SYSTEMPATH\CodeIgniter.php(933): App\Controllers\Home->index()
 8 SYSTEMPATH\CodeIgniter.php(509): CodeIgniter\CodeIgniter->runController(Object(App\Controllers\Home))
 9 SYSTEMPATH\CodeIgniter.php(355): CodeIgniter\CodeIgniter->handleRequest(null, Object(Config\Cache), false)
10 SYSTEMPATH\Boot.php(325): CodeIgniter\CodeIgniter->run()
11 SYSTEMPATH\Boot.php(67): CodeIgniter\Boot::runCodeIgniter(Object(CodeIgniter\CodeIgniter))
12 FCPATH\index.php(56): CodeIgniter\Boot::bootWeb(Object(Config\Paths))
CRITICAL - 2024-11-11 11:37:43 --> ErrorException: include(app/Views/partials/nav.php): Failed to open stream: No such file or directory
[Method: GET, Route: /]
in APPPATH\Views\pages\home.php on line 8.
 1 APPPATH\Views\pages\home.php(8): CodeIgniter\Debug\Exceptions->errorHandler(2, 'include(app/Views/partials/nav.php): Failed to open stream: No such file or directory', 'D:\\xampp folder\\htdocs\\revize\\codeigniter4-framework-2849e7f\\app\\Views\\pages\\home.php', 8)
 2 APPPATH\Views\pages\home.php(8): include()
 3 SYSTEMPATH\View\View.php(234): include('D:\\xampp folder\\htdocs\\revize\\codeigniter4-framework-2849e7f\\app\\Views\\pages\\home.php')
 4 SYSTEMPATH\View\View.php(237): CodeIgniter\View\View->CodeIgniter\View\{closure}()
 5 SYSTEMPATH\Common.php(1171): CodeIgniter\View\View->render('pages/home', [], true)
 6 APPPATH\Controllers\Home.php(9): view('pages/home')
 7 SYSTEMPATH\CodeIgniter.php(933): App\Controllers\Home->index()
 8 SYSTEMPATH\CodeIgniter.php(509): CodeIgniter\CodeIgniter->runController(Object(App\Controllers\Home))
 9 SYSTEMPATH\CodeIgniter.php(355): CodeIgniter\CodeIgniter->handleRequest(null, Object(Config\Cache), false)
10 SYSTEMPATH\Boot.php(325): CodeIgniter\CodeIgniter->run()
11 SYSTEMPATH\Boot.php(67): CodeIgniter\Boot::runCodeIgniter(Object(CodeIgniter\CodeIgniter))
12 FCPATH\index.php(56): CodeIgniter\Boot::bootWeb(Object(Config\Paths))
CRITICAL - 2024-11-11 11:37:43 --> ErrorException: include(app/Views/partials/nav.php): Failed to open stream: No such file or directory
[Method: GET, Route: /]
in APPPATH\Views\pages\home.php on line 8.
 1 APPPATH\Views\pages\home.php(8): CodeIgniter\Debug\Exceptions->errorHandler(2, 'include(app/Views/partials/nav.php): Failed to open stream: No such file or directory', 'D:\\xampp folder\\htdocs\\revize\\codeigniter4-framework-2849e7f\\app\\Views\\pages\\home.php', 8)
 2 APPPATH\Views\pages\home.php(8): include()
 3 SYSTEMPATH\View\View.php(234): include('D:\\xampp folder\\htdocs\\revize\\codeigniter4-framework-2849e7f\\app\\Views\\pages\\home.php')
 4 SYSTEMPATH\View\View.php(237): CodeIgniter\View\View->CodeIgniter\View\{closure}()
 5 SYSTEMPATH\Common.php(1171): CodeIgniter\View\View->render('pages/home', [], true)
 6 APPPATH\Controllers\Home.php(9): view('pages/home')
 7 SYSTEMPATH\CodeIgniter.php(933): App\Controllers\Home->index()
 8 SYSTEMPATH\CodeIgniter.php(509): CodeIgniter\CodeIgniter->runController(Object(App\Controllers\Home))
 9 SYSTEMPATH\CodeIgniter.php(355): CodeIgniter\CodeIgniter->handleRequest(null, Object(Config\Cache), false)
10 SYSTEMPATH\Boot.php(325): CodeIgniter\CodeIgniter->run()
11 SYSTEMPATH\Boot.php(67): CodeIgniter\Boot::runCodeIgniter(Object(CodeIgniter\CodeIgniter))
12 FCPATH\index.php(56): CodeIgniter\Boot::bootWeb(Object(Config\Paths))
CRITICAL - 2024-11-11 11:37:45 --> ErrorException: include(app/Views/partials/nav.php): Failed to open stream: No such file or directory
[Method: GET, Route: /]
in APPPATH\Views\pages\home.php on line 8.
 1 APPPATH\Views\pages\home.php(8): CodeIgniter\Debug\Exceptions->errorHandler(2, 'include(app/Views/partials/nav.php): Failed to open stream: No such file or directory', 'D:\\xampp folder\\htdocs\\revize\\codeigniter4-framework-2849e7f\\app\\Views\\pages\\home.php', 8)
 2 APPPATH\Views\pages\home.php(8): include()
 3 SYSTEMPATH\View\View.php(234): include('D:\\xampp folder\\htdocs\\revize\\codeigniter4-framework-2849e7f\\app\\Views\\pages\\home.php')
 4 SYSTEMPATH\View\View.php(237): CodeIgniter\View\View->CodeIgniter\View\{closure}()
 5 SYSTEMPATH\Common.php(1171): CodeIgniter\View\View->render('pages/home', [], true)
 6 APPPATH\Controllers\Home.php(9): view('pages/home')
 7 SYSTEMPATH\CodeIgniter.php(933): App\Controllers\Home->index()
 8 SYSTEMPATH\CodeIgniter.php(509): CodeIgniter\CodeIgniter->runController(Object(App\Controllers\Home))
 9 SYSTEMPATH\CodeIgniter.php(355): CodeIgniter\CodeIgniter->handleRequest(null, Object(Config\Cache), false)
10 SYSTEMPATH\Boot.php(325): CodeIgniter\CodeIgniter->run()
11 SYSTEMPATH\Boot.php(67): CodeIgniter\Boot::runCodeIgniter(Object(CodeIgniter\CodeIgniter))
12 FCPATH\index.php(56): CodeIgniter\Boot::bootWeb(Object(Config\Paths))
CRITICAL - 2024-11-11 22:31:08 --> CodeIgniter\View\Exceptions\ViewException: Invalid file: "register.php"
[Method: GET, Route: register]
in SYSTEMPATH\Exceptions\FrameworkException.php on line 41.
 1 SYSTEMPATH\View\View.php(222): CodeIgniter\Exceptions\FrameworkException::forInvalidFile('register.php')
 2 SYSTEMPATH\Common.php(1171): CodeIgniter\View\View->render('register', [], true)
 3 APPPATH\Controllers\Register.php(11): view('register')
 4 SYSTEMPATH\CodeIgniter.php(933): App\Controllers\Register->index()
 5 SYSTEMPATH\CodeIgniter.php(509): CodeIgniter\CodeIgniter->runController(Object(App\Controllers\Register))
 6 SYSTEMPATH\CodeIgniter.php(355): CodeIgniter\CodeIgniter->handleRequest(null, Object(Config\Cache), false)
 7 SYSTEMPATH\Boot.php(325): CodeIgniter\CodeIgniter->run()
 8 SYSTEMPATH\Boot.php(67): CodeIgniter\Boot::runCodeIgniter(Object(CodeIgniter\CodeIgniter))
 9 FCPATH\index.php(56): CodeIgniter\Boot::bootWeb(Object(Config\Paths))
10 SYSTEMPATH\rewrite.php(44): require_once('D:\\xampp folder\\htdocs\\revize\\codeigniter4-framework-2849e7f\\public\\index.php')
CRITICAL - 2024-11-11 22:31:11 --> CodeIgniter\View\Exceptions\ViewException: Invalid file: "register.php"
[Method: GET, Route: register]
in SYSTEMPATH\Exceptions\FrameworkException.php on line 41.
 1 SYSTEMPATH\View\View.php(222): CodeIgniter\Exceptions\FrameworkException::forInvalidFile('register.php')
 2 SYSTEMPATH\Common.php(1171): CodeIgniter\View\View->render('register', [], true)
 3 APPPATH\Controllers\Register.php(11): view('register')
 4 SYSTEMPATH\CodeIgniter.php(933): App\Controllers\Register->index()
 5 SYSTEMPATH\CodeIgniter.php(509): CodeIgniter\CodeIgniter->runController(Object(App\Controllers\Register))
 6 SYSTEMPATH\CodeIgniter.php(355): CodeIgniter\CodeIgniter->handleRequest(null, Object(Config\Cache), false)
 7 SYSTEMPATH\Boot.php(325): CodeIgniter\CodeIgniter->run()
 8 SYSTEMPATH\Boot.php(67): CodeIgniter\Boot::runCodeIgniter(Object(CodeIgniter\CodeIgniter))
 9 FCPATH\index.php(56): CodeIgniter\Boot::bootWeb(Object(Config\Paths))
10 SYSTEMPATH\rewrite.php(44): require_once('D:\\xampp folder\\htdocs\\revize\\codeigniter4-framework-2849e7f\\public\\index.php')
CRITICAL - 2024-11-11 22:35:36 --> CodeIgniter\View\Exceptions\ViewException: Invalid file: "register.php"
[Method: POST, Route: register]
in SYSTEMPATH\Exceptions\FrameworkException.php on line 41.
 1 SYSTEMPATH\View\View.php(222): CodeIgniter\Exceptions\FrameworkException::forInvalidFile('register.php')
 2 SYSTEMPATH\Common.php(1171): CodeIgniter\View\View->render('register', [], true)
 3 APPPATH\Controllers\Register.php(27): view('register', [...])
 4 SYSTEMPATH\CodeIgniter.php(933): App\Controllers\Register->store()
 5 SYSTEMPATH\CodeIgniter.php(509): CodeIgniter\CodeIgniter->runController(Object(App\Controllers\Register))
 6 SYSTEMPATH\CodeIgniter.php(355): CodeIgniter\CodeIgniter->handleRequest(null, Object(Config\Cache), false)
 7 SYSTEMPATH\Boot.php(325): CodeIgniter\CodeIgniter->run()
 8 SYSTEMPATH\Boot.php(67): CodeIgniter\Boot::runCodeIgniter(Object(CodeIgniter\CodeIgniter))
 9 FCPATH\index.php(56): CodeIgniter\Boot::bootWeb(Object(Config\Paths))
10 SYSTEMPATH\rewrite.php(44): require_once('D:\\xampp folder\\htdocs\\revize\\codeigniter4-framework-2849e7f\\public\\index.php')
CRITICAL - 2024-11-11 22:58:06 --> CodeIgniter\View\Exceptions\ViewException: Invalid file: "register.php"
[Method: POST, Route: register]
in SYSTEMPATH\Exceptions\FrameworkException.php on line 41.
 1 SYSTEMPATH\View\View.php(222): CodeIgniter\Exceptions\FrameworkException::forInvalidFile('register.php')
 2 SYSTEMPATH\Common.php(1171): CodeIgniter\View\View->render('register', [], true)
 3 APPPATH\Controllers\Register.php(27): view('register', [...])
 4 SYSTEMPATH\CodeIgniter.php(933): App\Controllers\Register->store()
 5 SYSTEMPATH\CodeIgniter.php(509): CodeIgniter\CodeIgniter->runController(Object(App\Controllers\Register))
 6 SYSTEMPATH\CodeIgniter.php(355): CodeIgniter\CodeIgniter->handleRequest(null, Object(Config\Cache), false)
 7 SYSTEMPATH\Boot.php(325): CodeIgniter\CodeIgniter->run()
 8 SYSTEMPATH\Boot.php(67): CodeIgniter\Boot::runCodeIgniter(Object(CodeIgniter\CodeIgniter))
 9 FCPATH\index.php(56): CodeIgniter\Boot::bootWeb(Object(Config\Paths))
10 SYSTEMPATH\rewrite.php(44): require_once('D:\\xampp folder\\htdocs\\revize\\codeigniter4-framework-2849e7f\\public\\index.php')
