CRITICAL - 2024-11-13 08:55:17 --> CodeIgniter\View\Exceptions\ViewException: Invalid file: "nav.php"
[Method: GET, Route: /]
in SYSTEMPATH\Exceptions\FrameworkException.php on line 41.
 1 SYSTEMPATH\View\View.php(222): CodeIgniter\Exceptions\FrameworkException::forInvalidFile('nav.php')
 2 SYSTEMPATH\Common.php(1171): CodeIgniter\View\View->render('nav', [], true)
 3 APPPATH\Controllers\Home.php(15): view('nav', [...])
 4 SYSTEMPATH\CodeIgniter.php(933): App\Controllers\Home->index()
 5 SYSTEMPATH\CodeIgniter.php(509): CodeIgniter\CodeIgniter->runController(Object(App\Controllers\Home))
 6 SYSTEMPATH\CodeIgniter.php(355): CodeIgniter\CodeIgniter->handleRequest(null, Object(Config\Cache), false)
 7 SYSTEMPATH\Boot.php(325): CodeIgniter\CodeIgniter->run()
 8 SYSTEMPATH\Boot.php(67): CodeIgniter\Boot::runCodeIgniter(Object(CodeIgniter\CodeIgniter))
 9 FCPATH\index.php(56): CodeIgniter\Boot::bootWeb(Object(Config\Paths))
10 SYSTEMPATH\rewrite.php(44): require_once('D:\\xampp folder\\htdocs\\revize\\codeigniter4-framework-2849e7f\\public\\index.php')
CRITICAL - 2024-11-13 09:33:12 --> BadMethodCallException: Call to undefined method App\Models\UserModel::getUsers
[Method: GET, Route: user_management]
in SYSTEMPATH\Model.php on line 932.
 1 APPPATH\Controllers\admin_control.php(26): CodeIgniter\Model->__call('getUsers', [])
 2 SYSTEMPATH\CodeIgniter.php(933): App\Controllers\admin_control->user_management()
 3 SYSTEMPATH\CodeIgniter.php(509): CodeIgniter\CodeIgniter->runController(Object(App\Controllers\admin_control))
 4 SYSTEMPATH\CodeIgniter.php(355): CodeIgniter\CodeIgniter->handleRequest(null, Object(Config\Cache), false)
 5 SYSTEMPATH\Boot.php(325): CodeIgniter\CodeIgniter->run()
 6 SYSTEMPATH\Boot.php(67): CodeIgniter\Boot::runCodeIgniter(Object(CodeIgniter\CodeIgniter))
 7 FCPATH\index.php(56): CodeIgniter\Boot::bootWeb(Object(Config\Paths))
 8 SYSTEMPATH\rewrite.php(44): require_once('D:\\xampp folder\\htdocs\\revize\\codeigniter4-framework-2849e7f\\public\\index.php')
CRITICAL - 2024-11-13 09:33:13 --> BadMethodCallException: Call to undefined method App\Models\UserModel::getUsers
[Method: GET, Route: user_management]
in SYSTEMPATH\Model.php on line 932.
 1 APPPATH\Controllers\admin_control.php(26): CodeIgniter\Model->__call('getUsers', [])
 2 SYSTEMPATH\CodeIgniter.php(933): App\Controllers\admin_control->user_management()
 3 SYSTEMPATH\CodeIgniter.php(509): CodeIgniter\CodeIgniter->runController(Object(App\Controllers\admin_control))
 4 SYSTEMPATH\CodeIgniter.php(355): CodeIgniter\CodeIgniter->handleRequest(null, Object(Config\Cache), false)
 5 SYSTEMPATH\Boot.php(325): CodeIgniter\CodeIgniter->run()
 6 SYSTEMPATH\Boot.php(67): CodeIgniter\Boot::runCodeIgniter(Object(CodeIgniter\CodeIgniter))
 7 FCPATH\index.php(56): CodeIgniter\Boot::bootWeb(Object(Config\Paths))
 8 SYSTEMPATH\rewrite.php(44): require_once('D:\\xampp folder\\htdocs\\revize\\codeigniter4-framework-2849e7f\\public\\index.php')
CRITICAL - 2024-11-13 10:08:12 --> BadMethodCallException: Call to undefined method App\Models\UserModel::getUsers
[Method: GET, Route: user_management]
in SYSTEMPATH\Model.php on line 932.
 1 APPPATH\Controllers\admin_control.php(26): CodeIgniter\Model->__call('getUsers', [])
 2 SYSTEMPATH\CodeIgniter.php(933): App\Controllers\admin_control->user_management()
 3 SYSTEMPATH\CodeIgniter.php(509): CodeIgniter\CodeIgniter->runController(Object(App\Controllers\admin_control))
 4 SYSTEMPATH\CodeIgniter.php(355): CodeIgniter\CodeIgniter->handleRequest(null, Object(Config\Cache), false)
 5 SYSTEMPATH\Boot.php(325): CodeIgniter\CodeIgniter->run()
 6 SYSTEMPATH\Boot.php(67): CodeIgniter\Boot::runCodeIgniter(Object(CodeIgniter\CodeIgniter))
 7 FCPATH\index.php(56): CodeIgniter\Boot::bootWeb(Object(Config\Paths))
 8 SYSTEMPATH\rewrite.php(44): require_once('D:\\xampp folder\\htdocs\\revize\\codeigniter4-framework-2849e7f\\public\\index.php')
CRITICAL - 2024-11-13 10:08:22 --> BadMethodCallException: Call to undefined method App\Models\UserModel::getUsers
[Method: GET, Route: user_management]
in SYSTEMPATH\Model.php on line 932.
 1 APPPATH\Controllers\admin_control.php(26): CodeIgniter\Model->__call('getUsers', [])
 2 SYSTEMPATH\CodeIgniter.php(933): App\Controllers\admin_control->user_management()
 3 SYSTEMPATH\CodeIgniter.php(509): CodeIgniter\CodeIgniter->runController(Object(App\Controllers\admin_control))
 4 SYSTEMPATH\CodeIgniter.php(355): CodeIgniter\CodeIgniter->handleRequest(null, Object(Config\Cache), false)
 5 SYSTEMPATH\Boot.php(325): CodeIgniter\CodeIgniter->run()
 6 SYSTEMPATH\Boot.php(67): CodeIgniter\Boot::runCodeIgniter(Object(CodeIgniter\CodeIgniter))
 7 FCPATH\index.php(56): CodeIgniter\Boot::bootWeb(Object(Config\Paths))
 8 SYSTEMPATH\rewrite.php(44): require_once('D:\\xampp folder\\htdocs\\revize\\codeigniter4-framework-2849e7f\\public\\index.php')
CRITICAL - 2024-11-13 10:08:43 --> Error: Class "App\Controllers\ProductModel" not found
[Method: GET, Route: user_management]
in APPPATH\Controllers\admin_control.php on line 25.
 1 SYSTEMPATH\CodeIgniter.php(933): App\Controllers\admin_control->user_management()
 2 SYSTEMPATH\CodeIgniter.php(509): CodeIgniter\CodeIgniter->runController(Object(App\Controllers\admin_control))
 3 SYSTEMPATH\CodeIgniter.php(355): CodeIgniter\CodeIgniter->handleRequest(null, Object(Config\Cache), false)
 4 SYSTEMPATH\Boot.php(325): CodeIgniter\CodeIgniter->run()
 5 SYSTEMPATH\Boot.php(67): CodeIgniter\Boot::runCodeIgniter(Object(CodeIgniter\CodeIgniter))
 6 FCPATH\index.php(56): CodeIgniter\Boot::bootWeb(Object(Config\Paths))
 7 SYSTEMPATH\rewrite.php(44): require_once('D:\\xampp folder\\htdocs\\revize\\codeigniter4-framework-2849e7f\\public\\index.php')
CRITICAL - 2024-11-13 10:08:44 --> Error: Class "App\Controllers\ProductModel" not found
[Method: GET, Route: user_management]
in APPPATH\Controllers\admin_control.php on line 25.
 1 SYSTEMPATH\CodeIgniter.php(933): App\Controllers\admin_control->user_management()
 2 SYSTEMPATH\CodeIgniter.php(509): CodeIgniter\CodeIgniter->runController(Object(App\Controllers\admin_control))
 3 SYSTEMPATH\CodeIgniter.php(355): CodeIgniter\CodeIgniter->handleRequest(null, Object(Config\Cache), false)
 4 SYSTEMPATH\Boot.php(325): CodeIgniter\CodeIgniter->run()
 5 SYSTEMPATH\Boot.php(67): CodeIgniter\Boot::runCodeIgniter(Object(CodeIgniter\CodeIgniter))
 6 FCPATH\index.php(56): CodeIgniter\Boot::bootWeb(Object(Config\Paths))
 7 SYSTEMPATH\rewrite.php(44): require_once('D:\\xampp folder\\htdocs\\revize\\codeigniter4-framework-2849e7f\\public\\index.php')
CRITICAL - 2024-11-13 10:08:47 --> Error: Class "App\Controllers\ProductModel" not found
[Method: GET, Route: user_management]
in APPPATH\Controllers\admin_control.php on line 25.
 1 SYSTEMPATH\CodeIgniter.php(933): App\Controllers\admin_control->user_management()
 2 SYSTEMPATH\CodeIgniter.php(509): CodeIgniter\CodeIgniter->runController(Object(App\Controllers\admin_control))
 3 SYSTEMPATH\CodeIgniter.php(355): CodeIgniter\CodeIgniter->handleRequest(null, Object(Config\Cache), false)
 4 SYSTEMPATH\Boot.php(325): CodeIgniter\CodeIgniter->run()
 5 SYSTEMPATH\Boot.php(67): CodeIgniter\Boot::runCodeIgniter(Object(CodeIgniter\CodeIgniter))
 6 FCPATH\index.php(56): CodeIgniter\Boot::bootWeb(Object(Config\Paths))
 7 SYSTEMPATH\rewrite.php(44): require_once('D:\\xampp folder\\htdocs\\revize\\codeigniter4-framework-2849e7f\\public\\index.php')
CRITICAL - 2024-11-13 10:08:53 --> Error: Class "App\Controllers\ProductModel" not found
[Method: GET, Route: user_management]
in APPPATH\Controllers\admin_control.php on line 25.
 1 SYSTEMPATH\CodeIgniter.php(933): App\Controllers\admin_control->user_management()
 2 SYSTEMPATH\CodeIgniter.php(509): CodeIgniter\CodeIgniter->runController(Object(App\Controllers\admin_control))
 3 SYSTEMPATH\CodeIgniter.php(355): CodeIgniter\CodeIgniter->handleRequest(null, Object(Config\Cache), false)
 4 SYSTEMPATH\Boot.php(325): CodeIgniter\CodeIgniter->run()
 5 SYSTEMPATH\Boot.php(67): CodeIgniter\Boot::runCodeIgniter(Object(CodeIgniter\CodeIgniter))
 6 FCPATH\index.php(56): CodeIgniter\Boot::bootWeb(Object(Config\Paths))
 7 SYSTEMPATH\rewrite.php(44): require_once('D:\\xampp folder\\htdocs\\revize\\codeigniter4-framework-2849e7f\\public\\index.php')
CRITICAL - 2024-11-13 10:08:54 --> Error: Class "App\Controllers\ProductModel" not found
[Method: GET, Route: user_management]
in APPPATH\Controllers\admin_control.php on line 25.
 1 SYSTEMPATH\CodeIgniter.php(933): App\Controllers\admin_control->user_management()
 2 SYSTEMPATH\CodeIgniter.php(509): CodeIgniter\CodeIgniter->runController(Object(App\Controllers\admin_control))
 3 SYSTEMPATH\CodeIgniter.php(355): CodeIgniter\CodeIgniter->handleRequest(null, Object(Config\Cache), false)
 4 SYSTEMPATH\Boot.php(325): CodeIgniter\CodeIgniter->run()
 5 SYSTEMPATH\Boot.php(67): CodeIgniter\Boot::runCodeIgniter(Object(CodeIgniter\CodeIgniter))
 6 FCPATH\index.php(56): CodeIgniter\Boot::bootWeb(Object(Config\Paths))
 7 SYSTEMPATH\rewrite.php(44): require_once('D:\\xampp folder\\htdocs\\revize\\codeigniter4-framework-2849e7f\\public\\index.php')
CRITICAL - 2024-11-13 10:08:59 --> Error: Class "App\Controllers\ProductModel" not found
[Method: GET, Route: user_management]
in APPPATH\Controllers\admin_control.php on line 25.
 1 SYSTEMPATH\CodeIgniter.php(933): App\Controllers\admin_control->user_management()
 2 SYSTEMPATH\CodeIgniter.php(509): CodeIgniter\CodeIgniter->runController(Object(App\Controllers\admin_control))
 3 SYSTEMPATH\CodeIgniter.php(355): CodeIgniter\CodeIgniter->handleRequest(null, Object(Config\Cache), false)
 4 SYSTEMPATH\Boot.php(325): CodeIgniter\CodeIgniter->run()
 5 SYSTEMPATH\Boot.php(67): CodeIgniter\Boot::runCodeIgniter(Object(CodeIgniter\CodeIgniter))
 6 FCPATH\index.php(56): CodeIgniter\Boot::bootWeb(Object(Config\Paths))
 7 SYSTEMPATH\rewrite.php(44): require_once('D:\\xampp folder\\htdocs\\revize\\codeigniter4-framework-2849e7f\\public\\index.php')
CRITICAL - 2024-11-13 10:09:33 --> ErrorException: Array to string conversion
[Method: GET, Route: user_management]
in APPPATH\Views\partials\nav.php on line 90.
 1 APPPATH\Views\partials\nav.php(90): CodeIgniter\Debug\Exceptions->errorHandler(2, 'Array to string conversion', 'D:\\xampp folder\\htdocs\\revize\\codeigniter4-framework-2849e7f\\app\\Views\\partials\\nav.php', 90)
 2 SYSTEMPATH\View\View.php(234): include('D:\\xampp folder\\htdocs\\revize\\codeigniter4-framework-2849e7f\\app\\Views\\partials\\nav.php')
 3 SYSTEMPATH\View\View.php(237): CodeIgniter\View\View->CodeIgniter\View\{closure}()
 4 SYSTEMPATH\Common.php(1171): CodeIgniter\View\View->render('partials/nav', [], true)
 5 APPPATH\Views\pages\user_management.php(8): view('partials/nav')
 6 SYSTEMPATH\View\View.php(234): include('D:\\xampp folder\\htdocs\\revize\\codeigniter4-framework-2849e7f\\app\\Views\\pages\\user_management.php')
 7 SYSTEMPATH\View\View.php(237): CodeIgniter\View\View->CodeIgniter\View\{closure}()
 8 SYSTEMPATH\Common.php(1171): CodeIgniter\View\View->render('pages/user_management', [], true)
 9 APPPATH\Controllers\admin_control.php(28): view('pages/user_management', [...])
10 SYSTEMPATH\CodeIgniter.php(933): App\Controllers\admin_control->user_management()
11 SYSTEMPATH\CodeIgniter.php(509): CodeIgniter\CodeIgniter->runController(Object(App\Controllers\admin_control))
12 SYSTEMPATH\CodeIgniter.php(355): CodeIgniter\CodeIgniter->handleRequest(null, Object(Config\Cache), false)
13 SYSTEMPATH\Boot.php(325): CodeIgniter\CodeIgniter->run()
14 SYSTEMPATH\Boot.php(67): CodeIgniter\Boot::runCodeIgniter(Object(CodeIgniter\CodeIgniter))
15 FCPATH\index.php(56): CodeIgniter\Boot::bootWeb(Object(Config\Paths))
16 SYSTEMPATH\rewrite.php(44): require_once('D:\\xampp folder\\htdocs\\revize\\codeigniter4-framework-2849e7f\\public\\index.php')
CRITICAL - 2024-11-13 10:09:34 --> ErrorException: Array to string conversion
[Method: GET, Route: user_management]
in APPPATH\Views\partials\nav.php on line 90.
 1 APPPATH\Views\partials\nav.php(90): CodeIgniter\Debug\Exceptions->errorHandler(2, 'Array to string conversion', 'D:\\xampp folder\\htdocs\\revize\\codeigniter4-framework-2849e7f\\app\\Views\\partials\\nav.php', 90)
 2 SYSTEMPATH\View\View.php(234): include('D:\\xampp folder\\htdocs\\revize\\codeigniter4-framework-2849e7f\\app\\Views\\partials\\nav.php')
 3 SYSTEMPATH\View\View.php(237): CodeIgniter\View\View->CodeIgniter\View\{closure}()
 4 SYSTEMPATH\Common.php(1171): CodeIgniter\View\View->render('partials/nav', [], true)
 5 APPPATH\Views\pages\user_management.php(8): view('partials/nav')
 6 SYSTEMPATH\View\View.php(234): include('D:\\xampp folder\\htdocs\\revize\\codeigniter4-framework-2849e7f\\app\\Views\\pages\\user_management.php')
 7 SYSTEMPATH\View\View.php(237): CodeIgniter\View\View->CodeIgniter\View\{closure}()
 8 SYSTEMPATH\Common.php(1171): CodeIgniter\View\View->render('pages/user_management', [], true)
 9 APPPATH\Controllers\admin_control.php(28): view('pages/user_management', [...])
10 SYSTEMPATH\CodeIgniter.php(933): App\Controllers\admin_control->user_management()
11 SYSTEMPATH\CodeIgniter.php(509): CodeIgniter\CodeIgniter->runController(Object(App\Controllers\admin_control))
12 SYSTEMPATH\CodeIgniter.php(355): CodeIgniter\CodeIgniter->handleRequest(null, Object(Config\Cache), false)
13 SYSTEMPATH\Boot.php(325): CodeIgniter\CodeIgniter->run()
14 SYSTEMPATH\Boot.php(67): CodeIgniter\Boot::runCodeIgniter(Object(CodeIgniter\CodeIgniter))
15 FCPATH\index.php(56): CodeIgniter\Boot::bootWeb(Object(Config\Paths))
16 SYSTEMPATH\rewrite.php(44): require_once('D:\\xampp folder\\htdocs\\revize\\codeigniter4-framework-2849e7f\\public\\index.php')
CRITICAL - 2024-11-13 10:23:22 --> ErrorException: Undefined variable $products
[Method: GET, Route: /]
in APPPATH\Views\partials\nav.php on line 84.
 1 APPPATH\Views\partials\nav.php(84): CodeIgniter\Debug\Exceptions->errorHandler(2, 'Undefined variable $products', 'D:\\xampp folder\\htdocs\\revize\\codeigniter4-framework-2849e7f\\app\\Views\\partials\\nav.php', 84)
 2 SYSTEMPATH\View\View.php(234): include('D:\\xampp folder\\htdocs\\revize\\codeigniter4-framework-2849e7f\\app\\Views\\partials\\nav.php')
 3 SYSTEMPATH\View\View.php(237): CodeIgniter\View\View->CodeIgniter\View\{closure}()
 4 SYSTEMPATH\Common.php(1171): CodeIgniter\View\View->render('partials/nav', [], true)
 5 APPPATH\Views\pages\home.php(8): view('partials/nav')
 6 SYSTEMPATH\View\View.php(234): include('D:\\xampp folder\\htdocs\\revize\\codeigniter4-framework-2849e7f\\app\\Views\\pages\\home.php')
 7 SYSTEMPATH\View\View.php(237): CodeIgniter\View\View->CodeIgniter\View\{closure}()
 8 SYSTEMPATH\Common.php(1171): CodeIgniter\View\View->render('pages/home', [], true)
 9 APPPATH\Controllers\Home.php(14): view('pages/home')
10 SYSTEMPATH\CodeIgniter.php(933): App\Controllers\Home->index()
11 SYSTEMPATH\CodeIgniter.php(509): CodeIgniter\CodeIgniter->runController(Object(App\Controllers\Home))
12 SYSTEMPATH\CodeIgniter.php(355): CodeIgniter\CodeIgniter->handleRequest(null, Object(Config\Cache), false)
13 SYSTEMPATH\Boot.php(325): CodeIgniter\CodeIgniter->run()
14 SYSTEMPATH\Boot.php(67): CodeIgniter\Boot::runCodeIgniter(Object(CodeIgniter\CodeIgniter))
15 FCPATH\index.php(56): CodeIgniter\Boot::bootWeb(Object(Config\Paths))
16 SYSTEMPATH\rewrite.php(44): require_once('D:\\xampp folder\\htdocs\\revize\\codeigniter4-framework-2849e7f\\public\\index.php')
CRITICAL - 2024-11-13 10:23:23 --> ErrorException: Undefined variable $products
[Method: GET, Route: /]
in APPPATH\Views\partials\nav.php on line 84.
 1 APPPATH\Views\partials\nav.php(84): CodeIgniter\Debug\Exceptions->errorHandler(2, 'Undefined variable $products', 'D:\\xampp folder\\htdocs\\revize\\codeigniter4-framework-2849e7f\\app\\Views\\partials\\nav.php', 84)
 2 SYSTEMPATH\View\View.php(234): include('D:\\xampp folder\\htdocs\\revize\\codeigniter4-framework-2849e7f\\app\\Views\\partials\\nav.php')
 3 SYSTEMPATH\View\View.php(237): CodeIgniter\View\View->CodeIgniter\View\{closure}()
 4 SYSTEMPATH\Common.php(1171): CodeIgniter\View\View->render('partials/nav', [], true)
 5 APPPATH\Views\pages\home.php(8): view('partials/nav')
 6 SYSTEMPATH\View\View.php(234): include('D:\\xampp folder\\htdocs\\revize\\codeigniter4-framework-2849e7f\\app\\Views\\pages\\home.php')
 7 SYSTEMPATH\View\View.php(237): CodeIgniter\View\View->CodeIgniter\View\{closure}()
 8 SYSTEMPATH\Common.php(1171): CodeIgniter\View\View->render('pages/home', [], true)
 9 APPPATH\Controllers\Home.php(14): view('pages/home')
10 SYSTEMPATH\CodeIgniter.php(933): App\Controllers\Home->index()
11 SYSTEMPATH\CodeIgniter.php(509): CodeIgniter\CodeIgniter->runController(Object(App\Controllers\Home))
12 SYSTEMPATH\CodeIgniter.php(355): CodeIgniter\CodeIgniter->handleRequest(null, Object(Config\Cache), false)
13 SYSTEMPATH\Boot.php(325): CodeIgniter\CodeIgniter->run()
14 SYSTEMPATH\Boot.php(67): CodeIgniter\Boot::runCodeIgniter(Object(CodeIgniter\CodeIgniter))
15 FCPATH\index.php(56): CodeIgniter\Boot::bootWeb(Object(Config\Paths))
16 SYSTEMPATH\rewrite.php(44): require_once('D:\\xampp folder\\htdocs\\revize\\codeigniter4-framework-2849e7f\\public\\index.php')
CRITICAL - 2024-11-13 10:23:24 --> ErrorException: Undefined variable $products
[Method: GET, Route: user_management]
in APPPATH\Views\partials\nav.php on line 84.
 1 APPPATH\Views\partials\nav.php(84): CodeIgniter\Debug\Exceptions->errorHandler(2, 'Undefined variable $products', 'D:\\xampp folder\\htdocs\\revize\\codeigniter4-framework-2849e7f\\app\\Views\\partials\\nav.php', 84)
 2 SYSTEMPATH\View\View.php(234): include('D:\\xampp folder\\htdocs\\revize\\codeigniter4-framework-2849e7f\\app\\Views\\partials\\nav.php')
 3 SYSTEMPATH\View\View.php(237): CodeIgniter\View\View->CodeIgniter\View\{closure}()
 4 SYSTEMPATH\Common.php(1171): CodeIgniter\View\View->render('partials/nav', [], true)
 5 APPPATH\Views\pages\user_management.php(8): view('partials/nav')
 6 SYSTEMPATH\View\View.php(234): include('D:\\xampp folder\\htdocs\\revize\\codeigniter4-framework-2849e7f\\app\\Views\\pages\\user_management.php')
 7 SYSTEMPATH\View\View.php(237): CodeIgniter\View\View->CodeIgniter\View\{closure}()
 8 SYSTEMPATH\Common.php(1171): CodeIgniter\View\View->render('pages/user_management', [], true)
 9 APPPATH\Controllers\admin_control.php(27): view('pages/user_management')
10 SYSTEMPATH\CodeIgniter.php(933): App\Controllers\admin_control->user_management()
11 SYSTEMPATH\CodeIgniter.php(509): CodeIgniter\CodeIgniter->runController(Object(App\Controllers\admin_control))
12 SYSTEMPATH\CodeIgniter.php(355): CodeIgniter\CodeIgniter->handleRequest(null, Object(Config\Cache), false)
13 SYSTEMPATH\Boot.php(325): CodeIgniter\CodeIgniter->run()
14 SYSTEMPATH\Boot.php(67): CodeIgniter\Boot::runCodeIgniter(Object(CodeIgniter\CodeIgniter))
15 FCPATH\index.php(56): CodeIgniter\Boot::bootWeb(Object(Config\Paths))
16 SYSTEMPATH\rewrite.php(44): require_once('D:\\xampp folder\\htdocs\\revize\\codeigniter4-framework-2849e7f\\public\\index.php')
CRITICAL - 2024-11-13 10:23:26 --> ErrorException: Undefined variable $products
[Method: GET, Route: /]
in APPPATH\Views\partials\nav.php on line 84.
 1 APPPATH\Views\partials\nav.php(84): CodeIgniter\Debug\Exceptions->errorHandler(2, 'Undefined variable $products', 'D:\\xampp folder\\htdocs\\revize\\codeigniter4-framework-2849e7f\\app\\Views\\partials\\nav.php', 84)
 2 SYSTEMPATH\View\View.php(234): include('D:\\xampp folder\\htdocs\\revize\\codeigniter4-framework-2849e7f\\app\\Views\\partials\\nav.php')
 3 SYSTEMPATH\View\View.php(237): CodeIgniter\View\View->CodeIgniter\View\{closure}()
 4 SYSTEMPATH\Common.php(1171): CodeIgniter\View\View->render('partials/nav', [], true)
 5 APPPATH\Views\pages\home.php(8): view('partials/nav')
 6 SYSTEMPATH\View\View.php(234): include('D:\\xampp folder\\htdocs\\revize\\codeigniter4-framework-2849e7f\\app\\Views\\pages\\home.php')
 7 SYSTEMPATH\View\View.php(237): CodeIgniter\View\View->CodeIgniter\View\{closure}()
 8 SYSTEMPATH\Common.php(1171): CodeIgniter\View\View->render('pages/home', [], true)
 9 APPPATH\Controllers\Home.php(14): view('pages/home')
10 SYSTEMPATH\CodeIgniter.php(933): App\Controllers\Home->index()
11 SYSTEMPATH\CodeIgniter.php(509): CodeIgniter\CodeIgniter->runController(Object(App\Controllers\Home))
12 SYSTEMPATH\CodeIgniter.php(355): CodeIgniter\CodeIgniter->handleRequest(null, Object(Config\Cache), false)
13 SYSTEMPATH\Boot.php(325): CodeIgniter\CodeIgniter->run()
14 SYSTEMPATH\Boot.php(67): CodeIgniter\Boot::runCodeIgniter(Object(CodeIgniter\CodeIgniter))
15 FCPATH\index.php(56): CodeIgniter\Boot::bootWeb(Object(Config\Paths))
16 SYSTEMPATH\rewrite.php(44): require_once('D:\\xampp folder\\htdocs\\revize\\codeigniter4-framework-2849e7f\\public\\index.php')
CRITICAL - 2024-11-13 10:24:34 --> ErrorException: Undefined variable $products
[Method: GET, Route: /]
in APPPATH\Views\partials\nav.php on line 84.
 1 APPPATH\Views\partials\nav.php(84): CodeIgniter\Debug\Exceptions->errorHandler(2, 'Undefined variable $products', 'D:\\xampp folder\\htdocs\\revize\\codeigniter4-framework-2849e7f\\app\\Views\\partials\\nav.php', 84)
 2 SYSTEMPATH\View\View.php(234): include('D:\\xampp folder\\htdocs\\revize\\codeigniter4-framework-2849e7f\\app\\Views\\partials\\nav.php')
 3 SYSTEMPATH\View\View.php(237): CodeIgniter\View\View->CodeIgniter\View\{closure}()
 4 SYSTEMPATH\Common.php(1171): CodeIgniter\View\View->render('partials/nav', [], true)
 5 APPPATH\Views\pages\home.php(8): view('partials/nav')
 6 SYSTEMPATH\View\View.php(234): include('D:\\xampp folder\\htdocs\\revize\\codeigniter4-framework-2849e7f\\app\\Views\\pages\\home.php')
 7 SYSTEMPATH\View\View.php(237): CodeIgniter\View\View->CodeIgniter\View\{closure}()
 8 SYSTEMPATH\Common.php(1171): CodeIgniter\View\View->render('pages/home', [], true)
 9 APPPATH\Controllers\Home.php(14): view('pages/home')
10 SYSTEMPATH\CodeIgniter.php(933): App\Controllers\Home->index()
11 SYSTEMPATH\CodeIgniter.php(509): CodeIgniter\CodeIgniter->runController(Object(App\Controllers\Home))
12 SYSTEMPATH\CodeIgniter.php(355): CodeIgniter\CodeIgniter->handleRequest(null, Object(Config\Cache), false)
13 SYSTEMPATH\Boot.php(325): CodeIgniter\CodeIgniter->run()
14 SYSTEMPATH\Boot.php(67): CodeIgniter\Boot::runCodeIgniter(Object(CodeIgniter\CodeIgniter))
15 FCPATH\index.php(56): CodeIgniter\Boot::bootWeb(Object(Config\Paths))
16 SYSTEMPATH\rewrite.php(44): require_once('D:\\xampp folder\\htdocs\\revize\\codeigniter4-framework-2849e7f\\public\\index.php')
CRITICAL - 2024-11-13 10:24:35 --> ErrorException: Undefined variable $products
[Method: GET, Route: /]
in APPPATH\Views\partials\nav.php on line 84.
 1 APPPATH\Views\partials\nav.php(84): CodeIgniter\Debug\Exceptions->errorHandler(2, 'Undefined variable $products', 'D:\\xampp folder\\htdocs\\revize\\codeigniter4-framework-2849e7f\\app\\Views\\partials\\nav.php', 84)
 2 SYSTEMPATH\View\View.php(234): include('D:\\xampp folder\\htdocs\\revize\\codeigniter4-framework-2849e7f\\app\\Views\\partials\\nav.php')
 3 SYSTEMPATH\View\View.php(237): CodeIgniter\View\View->CodeIgniter\View\{closure}()
 4 SYSTEMPATH\Common.php(1171): CodeIgniter\View\View->render('partials/nav', [], true)
 5 APPPATH\Views\pages\home.php(8): view('partials/nav')
 6 SYSTEMPATH\View\View.php(234): include('D:\\xampp folder\\htdocs\\revize\\codeigniter4-framework-2849e7f\\app\\Views\\pages\\home.php')
 7 SYSTEMPATH\View\View.php(237): CodeIgniter\View\View->CodeIgniter\View\{closure}()
 8 SYSTEMPATH\Common.php(1171): CodeIgniter\View\View->render('pages/home', [], true)
 9 APPPATH\Controllers\Home.php(14): view('pages/home')
10 SYSTEMPATH\CodeIgniter.php(933): App\Controllers\Home->index()
11 SYSTEMPATH\CodeIgniter.php(509): CodeIgniter\CodeIgniter->runController(Object(App\Controllers\Home))
12 SYSTEMPATH\CodeIgniter.php(355): CodeIgniter\CodeIgniter->handleRequest(null, Object(Config\Cache), false)
13 SYSTEMPATH\Boot.php(325): CodeIgniter\CodeIgniter->run()
14 SYSTEMPATH\Boot.php(67): CodeIgniter\Boot::runCodeIgniter(Object(CodeIgniter\CodeIgniter))
15 FCPATH\index.php(56): CodeIgniter\Boot::bootWeb(Object(Config\Paths))
16 SYSTEMPATH\rewrite.php(44): require_once('D:\\xampp folder\\htdocs\\revize\\codeigniter4-framework-2849e7f\\public\\index.php')
CRITICAL - 2024-11-13 10:24:36 --> ErrorException: Undefined variable $products
[Method: GET, Route: /]
in APPPATH\Views\partials\nav.php on line 84.
 1 APPPATH\Views\partials\nav.php(84): CodeIgniter\Debug\Exceptions->errorHandler(2, 'Undefined variable $products', 'D:\\xampp folder\\htdocs\\revize\\codeigniter4-framework-2849e7f\\app\\Views\\partials\\nav.php', 84)
 2 SYSTEMPATH\View\View.php(234): include('D:\\xampp folder\\htdocs\\revize\\codeigniter4-framework-2849e7f\\app\\Views\\partials\\nav.php')
 3 SYSTEMPATH\View\View.php(237): CodeIgniter\View\View->CodeIgniter\View\{closure}()
 4 SYSTEMPATH\Common.php(1171): CodeIgniter\View\View->render('partials/nav', [], true)
 5 APPPATH\Views\pages\home.php(8): view('partials/nav')
 6 SYSTEMPATH\View\View.php(234): include('D:\\xampp folder\\htdocs\\revize\\codeigniter4-framework-2849e7f\\app\\Views\\pages\\home.php')
 7 SYSTEMPATH\View\View.php(237): CodeIgniter\View\View->CodeIgniter\View\{closure}()
 8 SYSTEMPATH\Common.php(1171): CodeIgniter\View\View->render('pages/home', [], true)
 9 APPPATH\Controllers\Home.php(14): view('pages/home')
10 SYSTEMPATH\CodeIgniter.php(933): App\Controllers\Home->index()
11 SYSTEMPATH\CodeIgniter.php(509): CodeIgniter\CodeIgniter->runController(Object(App\Controllers\Home))
12 SYSTEMPATH\CodeIgniter.php(355): CodeIgniter\CodeIgniter->handleRequest(null, Object(Config\Cache), false)
13 SYSTEMPATH\Boot.php(325): CodeIgniter\CodeIgniter->run()
14 SYSTEMPATH\Boot.php(67): CodeIgniter\Boot::runCodeIgniter(Object(CodeIgniter\CodeIgniter))
15 FCPATH\index.php(56): CodeIgniter\Boot::bootWeb(Object(Config\Paths))
16 SYSTEMPATH\rewrite.php(44): require_once('D:\\xampp folder\\htdocs\\revize\\codeigniter4-framework-2849e7f\\public\\index.php')
CRITICAL - 2024-11-13 10:24:37 --> ErrorException: Undefined variable $products
[Method: GET, Route: /]
in APPPATH\Views\partials\nav.php on line 84.
 1 APPPATH\Views\partials\nav.php(84): CodeIgniter\Debug\Exceptions->errorHandler(2, 'Undefined variable $products', 'D:\\xampp folder\\htdocs\\revize\\codeigniter4-framework-2849e7f\\app\\Views\\partials\\nav.php', 84)
 2 SYSTEMPATH\View\View.php(234): include('D:\\xampp folder\\htdocs\\revize\\codeigniter4-framework-2849e7f\\app\\Views\\partials\\nav.php')
 3 SYSTEMPATH\View\View.php(237): CodeIgniter\View\View->CodeIgniter\View\{closure}()
 4 SYSTEMPATH\Common.php(1171): CodeIgniter\View\View->render('partials/nav', [], true)
 5 APPPATH\Views\pages\home.php(8): view('partials/nav')
 6 SYSTEMPATH\View\View.php(234): include('D:\\xampp folder\\htdocs\\revize\\codeigniter4-framework-2849e7f\\app\\Views\\pages\\home.php')
 7 SYSTEMPATH\View\View.php(237): CodeIgniter\View\View->CodeIgniter\View\{closure}()
 8 SYSTEMPATH\Common.php(1171): CodeIgniter\View\View->render('pages/home', [], true)
 9 APPPATH\Controllers\Home.php(14): view('pages/home')
10 SYSTEMPATH\CodeIgniter.php(933): App\Controllers\Home->index()
11 SYSTEMPATH\CodeIgniter.php(509): CodeIgniter\CodeIgniter->runController(Object(App\Controllers\Home))
12 SYSTEMPATH\CodeIgniter.php(355): CodeIgniter\CodeIgniter->handleRequest(null, Object(Config\Cache), false)
13 SYSTEMPATH\Boot.php(325): CodeIgniter\CodeIgniter->run()
14 SYSTEMPATH\Boot.php(67): CodeIgniter\Boot::runCodeIgniter(Object(CodeIgniter\CodeIgniter))
15 FCPATH\index.php(56): CodeIgniter\Boot::bootWeb(Object(Config\Paths))
16 SYSTEMPATH\rewrite.php(44): require_once('D:\\xampp folder\\htdocs\\revize\\codeigniter4-framework-2849e7f\\public\\index.php')
CRITICAL - 2024-11-13 10:24:37 --> ErrorException: Undefined variable $products
[Method: GET, Route: /]
in APPPATH\Views\partials\nav.php on line 84.
 1 APPPATH\Views\partials\nav.php(84): CodeIgniter\Debug\Exceptions->errorHandler(2, 'Undefined variable $products', 'D:\\xampp folder\\htdocs\\revize\\codeigniter4-framework-2849e7f\\app\\Views\\partials\\nav.php', 84)
 2 SYSTEMPATH\View\View.php(234): include('D:\\xampp folder\\htdocs\\revize\\codeigniter4-framework-2849e7f\\app\\Views\\partials\\nav.php')
 3 SYSTEMPATH\View\View.php(237): CodeIgniter\View\View->CodeIgniter\View\{closure}()
 4 SYSTEMPATH\Common.php(1171): CodeIgniter\View\View->render('partials/nav', [], true)
 5 APPPATH\Views\pages\home.php(8): view('partials/nav')
 6 SYSTEMPATH\View\View.php(234): include('D:\\xampp folder\\htdocs\\revize\\codeigniter4-framework-2849e7f\\app\\Views\\pages\\home.php')
 7 SYSTEMPATH\View\View.php(237): CodeIgniter\View\View->CodeIgniter\View\{closure}()
 8 SYSTEMPATH\Common.php(1171): CodeIgniter\View\View->render('pages/home', [], true)
 9 APPPATH\Controllers\Home.php(14): view('pages/home')
10 SYSTEMPATH\CodeIgniter.php(933): App\Controllers\Home->index()
11 SYSTEMPATH\CodeIgniter.php(509): CodeIgniter\CodeIgniter->runController(Object(App\Controllers\Home))
12 SYSTEMPATH\CodeIgniter.php(355): CodeIgniter\CodeIgniter->handleRequest(null, Object(Config\Cache), false)
13 SYSTEMPATH\Boot.php(325): CodeIgniter\CodeIgniter->run()
14 SYSTEMPATH\Boot.php(67): CodeIgniter\Boot::runCodeIgniter(Object(CodeIgniter\CodeIgniter))
15 FCPATH\index.php(56): CodeIgniter\Boot::bootWeb(Object(Config\Paths))
16 SYSTEMPATH\rewrite.php(44): require_once('D:\\xampp folder\\htdocs\\revize\\codeigniter4-framework-2849e7f\\public\\index.php')
CRITICAL - 2024-11-13 10:24:37 --> ErrorException: Undefined variable $products
[Method: GET, Route: /]
in APPPATH\Views\partials\nav.php on line 84.
 1 APPPATH\Views\partials\nav.php(84): CodeIgniter\Debug\Exceptions->errorHandler(2, 'Undefined variable $products', 'D:\\xampp folder\\htdocs\\revize\\codeigniter4-framework-2849e7f\\app\\Views\\partials\\nav.php', 84)
 2 SYSTEMPATH\View\View.php(234): include('D:\\xampp folder\\htdocs\\revize\\codeigniter4-framework-2849e7f\\app\\Views\\partials\\nav.php')
 3 SYSTEMPATH\View\View.php(237): CodeIgniter\View\View->CodeIgniter\View\{closure}()
 4 SYSTEMPATH\Common.php(1171): CodeIgniter\View\View->render('partials/nav', [], true)
 5 APPPATH\Views\pages\home.php(8): view('partials/nav')
 6 SYSTEMPATH\View\View.php(234): include('D:\\xampp folder\\htdocs\\revize\\codeigniter4-framework-2849e7f\\app\\Views\\pages\\home.php')
 7 SYSTEMPATH\View\View.php(237): CodeIgniter\View\View->CodeIgniter\View\{closure}()
 8 SYSTEMPATH\Common.php(1171): CodeIgniter\View\View->render('pages/home', [], true)
 9 APPPATH\Controllers\Home.php(14): view('pages/home')
10 SYSTEMPATH\CodeIgniter.php(933): App\Controllers\Home->index()
11 SYSTEMPATH\CodeIgniter.php(509): CodeIgniter\CodeIgniter->runController(Object(App\Controllers\Home))
12 SYSTEMPATH\CodeIgniter.php(355): CodeIgniter\CodeIgniter->handleRequest(null, Object(Config\Cache), false)
13 SYSTEMPATH\Boot.php(325): CodeIgniter\CodeIgniter->run()
14 SYSTEMPATH\Boot.php(67): CodeIgniter\Boot::runCodeIgniter(Object(CodeIgniter\CodeIgniter))
15 FCPATH\index.php(56): CodeIgniter\Boot::bootWeb(Object(Config\Paths))
16 SYSTEMPATH\rewrite.php(44): require_once('D:\\xampp folder\\htdocs\\revize\\codeigniter4-framework-2849e7f\\public\\index.php')
CRITICAL - 2024-11-13 10:25:00 --> ErrorException: Undefined variable $products
[Method: GET, Route: /]
in APPPATH\Views\partials\nav.php on line 84.
 1 APPPATH\Views\partials\nav.php(84): CodeIgniter\Debug\Exceptions->errorHandler(2, 'Undefined variable $products', 'D:\\xampp folder\\htdocs\\revize\\codeigniter4-framework-2849e7f\\app\\Views\\partials\\nav.php', 84)
 2 SYSTEMPATH\View\View.php(234): include('D:\\xampp folder\\htdocs\\revize\\codeigniter4-framework-2849e7f\\app\\Views\\partials\\nav.php')
 3 SYSTEMPATH\View\View.php(237): CodeIgniter\View\View->CodeIgniter\View\{closure}()
 4 SYSTEMPATH\Common.php(1171): CodeIgniter\View\View->render('partials/nav', [], true)
 5 APPPATH\Views\pages\home.php(8): view('partials/nav')
 6 SYSTEMPATH\View\View.php(234): include('D:\\xampp folder\\htdocs\\revize\\codeigniter4-framework-2849e7f\\app\\Views\\pages\\home.php')
 7 SYSTEMPATH\View\View.php(237): CodeIgniter\View\View->CodeIgniter\View\{closure}()
 8 SYSTEMPATH\Common.php(1171): CodeIgniter\View\View->render('pages/home', [], true)
 9 APPPATH\Controllers\Home.php(14): view('pages/home')
10 SYSTEMPATH\CodeIgniter.php(933): App\Controllers\Home->index()
11 SYSTEMPATH\CodeIgniter.php(509): CodeIgniter\CodeIgniter->runController(Object(App\Controllers\Home))
12 SYSTEMPATH\CodeIgniter.php(355): CodeIgniter\CodeIgniter->handleRequest(null, Object(Config\Cache), false)
13 SYSTEMPATH\Boot.php(325): CodeIgniter\CodeIgniter->run()
14 SYSTEMPATH\Boot.php(67): CodeIgniter\Boot::runCodeIgniter(Object(CodeIgniter\CodeIgniter))
15 FCPATH\index.php(56): CodeIgniter\Boot::bootWeb(Object(Config\Paths))
16 SYSTEMPATH\rewrite.php(44): require_once('D:\\xampp folder\\htdocs\\revize\\codeigniter4-framework-2849e7f\\public\\index.php')
CRITICAL - 2024-11-13 10:25:00 --> ErrorException: Undefined variable $products
[Method: GET, Route: /]
in APPPATH\Views\partials\nav.php on line 84.
 1 APPPATH\Views\partials\nav.php(84): CodeIgniter\Debug\Exceptions->errorHandler(2, 'Undefined variable $products', 'D:\\xampp folder\\htdocs\\revize\\codeigniter4-framework-2849e7f\\app\\Views\\partials\\nav.php', 84)
 2 SYSTEMPATH\View\View.php(234): include('D:\\xampp folder\\htdocs\\revize\\codeigniter4-framework-2849e7f\\app\\Views\\partials\\nav.php')
 3 SYSTEMPATH\View\View.php(237): CodeIgniter\View\View->CodeIgniter\View\{closure}()
 4 SYSTEMPATH\Common.php(1171): CodeIgniter\View\View->render('partials/nav', [], true)
 5 APPPATH\Views\pages\home.php(8): view('partials/nav')
 6 SYSTEMPATH\View\View.php(234): include('D:\\xampp folder\\htdocs\\revize\\codeigniter4-framework-2849e7f\\app\\Views\\pages\\home.php')
 7 SYSTEMPATH\View\View.php(237): CodeIgniter\View\View->CodeIgniter\View\{closure}()
 8 SYSTEMPATH\Common.php(1171): CodeIgniter\View\View->render('pages/home', [], true)
 9 APPPATH\Controllers\Home.php(14): view('pages/home')
10 SYSTEMPATH\CodeIgniter.php(933): App\Controllers\Home->index()
11 SYSTEMPATH\CodeIgniter.php(509): CodeIgniter\CodeIgniter->runController(Object(App\Controllers\Home))
12 SYSTEMPATH\CodeIgniter.php(355): CodeIgniter\CodeIgniter->handleRequest(null, Object(Config\Cache), false)
13 SYSTEMPATH\Boot.php(325): CodeIgniter\CodeIgniter->run()
14 SYSTEMPATH\Boot.php(67): CodeIgniter\Boot::runCodeIgniter(Object(CodeIgniter\CodeIgniter))
15 FCPATH\index.php(56): CodeIgniter\Boot::bootWeb(Object(Config\Paths))
16 SYSTEMPATH\rewrite.php(44): require_once('D:\\xampp folder\\htdocs\\revize\\codeigniter4-framework-2849e7f\\public\\index.php')
CRITICAL - 2024-11-13 10:25:00 --> ErrorException: Undefined variable $products
[Method: GET, Route: /]
in APPPATH\Views\partials\nav.php on line 84.
 1 APPPATH\Views\partials\nav.php(84): CodeIgniter\Debug\Exceptions->errorHandler(2, 'Undefined variable $products', 'D:\\xampp folder\\htdocs\\revize\\codeigniter4-framework-2849e7f\\app\\Views\\partials\\nav.php', 84)
 2 SYSTEMPATH\View\View.php(234): include('D:\\xampp folder\\htdocs\\revize\\codeigniter4-framework-2849e7f\\app\\Views\\partials\\nav.php')
 3 SYSTEMPATH\View\View.php(237): CodeIgniter\View\View->CodeIgniter\View\{closure}()
 4 SYSTEMPATH\Common.php(1171): CodeIgniter\View\View->render('partials/nav', [], true)
 5 APPPATH\Views\pages\home.php(8): view('partials/nav')
 6 SYSTEMPATH\View\View.php(234): include('D:\\xampp folder\\htdocs\\revize\\codeigniter4-framework-2849e7f\\app\\Views\\pages\\home.php')
 7 SYSTEMPATH\View\View.php(237): CodeIgniter\View\View->CodeIgniter\View\{closure}()
 8 SYSTEMPATH\Common.php(1171): CodeIgniter\View\View->render('pages/home', [], true)
 9 APPPATH\Controllers\Home.php(14): view('pages/home')
10 SYSTEMPATH\CodeIgniter.php(933): App\Controllers\Home->index()
11 SYSTEMPATH\CodeIgniter.php(509): CodeIgniter\CodeIgniter->runController(Object(App\Controllers\Home))
12 SYSTEMPATH\CodeIgniter.php(355): CodeIgniter\CodeIgniter->handleRequest(null, Object(Config\Cache), false)
13 SYSTEMPATH\Boot.php(325): CodeIgniter\CodeIgniter->run()
14 SYSTEMPATH\Boot.php(67): CodeIgniter\Boot::runCodeIgniter(Object(CodeIgniter\CodeIgniter))
15 FCPATH\index.php(56): CodeIgniter\Boot::bootWeb(Object(Config\Paths))
16 SYSTEMPATH\rewrite.php(44): require_once('D:\\xampp folder\\htdocs\\revize\\codeigniter4-framework-2849e7f\\public\\index.php')
CRITICAL - 2024-11-13 10:25:01 --> ErrorException: Undefined variable $products
[Method: GET, Route: /]
in APPPATH\Views\partials\nav.php on line 84.
 1 APPPATH\Views\partials\nav.php(84): CodeIgniter\Debug\Exceptions->errorHandler(2, 'Undefined variable $products', 'D:\\xampp folder\\htdocs\\revize\\codeigniter4-framework-2849e7f\\app\\Views\\partials\\nav.php', 84)
 2 SYSTEMPATH\View\View.php(234): include('D:\\xampp folder\\htdocs\\revize\\codeigniter4-framework-2849e7f\\app\\Views\\partials\\nav.php')
 3 SYSTEMPATH\View\View.php(237): CodeIgniter\View\View->CodeIgniter\View\{closure}()
 4 SYSTEMPATH\Common.php(1171): CodeIgniter\View\View->render('partials/nav', [], true)
 5 APPPATH\Views\pages\home.php(8): view('partials/nav')
 6 SYSTEMPATH\View\View.php(234): include('D:\\xampp folder\\htdocs\\revize\\codeigniter4-framework-2849e7f\\app\\Views\\pages\\home.php')
 7 SYSTEMPATH\View\View.php(237): CodeIgniter\View\View->CodeIgniter\View\{closure}()
 8 SYSTEMPATH\Common.php(1171): CodeIgniter\View\View->render('pages/home', [], true)
 9 APPPATH\Controllers\Home.php(14): view('pages/home')
10 SYSTEMPATH\CodeIgniter.php(933): App\Controllers\Home->index()
11 SYSTEMPATH\CodeIgniter.php(509): CodeIgniter\CodeIgniter->runController(Object(App\Controllers\Home))
12 SYSTEMPATH\CodeIgniter.php(355): CodeIgniter\CodeIgniter->handleRequest(null, Object(Config\Cache), false)
13 SYSTEMPATH\Boot.php(325): CodeIgniter\CodeIgniter->run()
14 SYSTEMPATH\Boot.php(67): CodeIgniter\Boot::runCodeIgniter(Object(CodeIgniter\CodeIgniter))
15 FCPATH\index.php(56): CodeIgniter\Boot::bootWeb(Object(Config\Paths))
16 SYSTEMPATH\rewrite.php(44): require_once('D:\\xampp folder\\htdocs\\revize\\codeigniter4-framework-2849e7f\\public\\index.php')
CRITICAL - 2024-11-13 10:25:01 --> ErrorException: Undefined variable $products
[Method: GET, Route: /]
in APPPATH\Views\partials\nav.php on line 84.
 1 APPPATH\Views\partials\nav.php(84): CodeIgniter\Debug\Exceptions->errorHandler(2, 'Undefined variable $products', 'D:\\xampp folder\\htdocs\\revize\\codeigniter4-framework-2849e7f\\app\\Views\\partials\\nav.php', 84)
 2 SYSTEMPATH\View\View.php(234): include('D:\\xampp folder\\htdocs\\revize\\codeigniter4-framework-2849e7f\\app\\Views\\partials\\nav.php')
 3 SYSTEMPATH\View\View.php(237): CodeIgniter\View\View->CodeIgniter\View\{closure}()
 4 SYSTEMPATH\Common.php(1171): CodeIgniter\View\View->render('partials/nav', [], true)
 5 APPPATH\Views\pages\home.php(8): view('partials/nav')
 6 SYSTEMPATH\View\View.php(234): include('D:\\xampp folder\\htdocs\\revize\\codeigniter4-framework-2849e7f\\app\\Views\\pages\\home.php')
 7 SYSTEMPATH\View\View.php(237): CodeIgniter\View\View->CodeIgniter\View\{closure}()
 8 SYSTEMPATH\Common.php(1171): CodeIgniter\View\View->render('pages/home', [], true)
 9 APPPATH\Controllers\Home.php(14): view('pages/home')
10 SYSTEMPATH\CodeIgniter.php(933): App\Controllers\Home->index()
11 SYSTEMPATH\CodeIgniter.php(509): CodeIgniter\CodeIgniter->runController(Object(App\Controllers\Home))
12 SYSTEMPATH\CodeIgniter.php(355): CodeIgniter\CodeIgniter->handleRequest(null, Object(Config\Cache), false)
13 SYSTEMPATH\Boot.php(325): CodeIgniter\CodeIgniter->run()
14 SYSTEMPATH\Boot.php(67): CodeIgniter\Boot::runCodeIgniter(Object(CodeIgniter\CodeIgniter))
15 FCPATH\index.php(56): CodeIgniter\Boot::bootWeb(Object(Config\Paths))
16 SYSTEMPATH\rewrite.php(44): require_once('D:\\xampp folder\\htdocs\\revize\\codeigniter4-framework-2849e7f\\public\\index.php')
CRITICAL - 2024-11-13 10:25:02 --> ErrorException: Undefined variable $products
[Method: GET, Route: /]
in APPPATH\Views\partials\nav.php on line 84.
 1 APPPATH\Views\partials\nav.php(84): CodeIgniter\Debug\Exceptions->errorHandler(2, 'Undefined variable $products', 'D:\\xampp folder\\htdocs\\revize\\codeigniter4-framework-2849e7f\\app\\Views\\partials\\nav.php', 84)
 2 SYSTEMPATH\View\View.php(234): include('D:\\xampp folder\\htdocs\\revize\\codeigniter4-framework-2849e7f\\app\\Views\\partials\\nav.php')
 3 SYSTEMPATH\View\View.php(237): CodeIgniter\View\View->CodeIgniter\View\{closure}()
 4 SYSTEMPATH\Common.php(1171): CodeIgniter\View\View->render('partials/nav', [], true)
 5 APPPATH\Views\pages\home.php(8): view('partials/nav')
 6 SYSTEMPATH\View\View.php(234): include('D:\\xampp folder\\htdocs\\revize\\codeigniter4-framework-2849e7f\\app\\Views\\pages\\home.php')
 7 SYSTEMPATH\View\View.php(237): CodeIgniter\View\View->CodeIgniter\View\{closure}()
 8 SYSTEMPATH\Common.php(1171): CodeIgniter\View\View->render('pages/home', [], true)
 9 APPPATH\Controllers\Home.php(14): view('pages/home')
10 SYSTEMPATH\CodeIgniter.php(933): App\Controllers\Home->index()
11 SYSTEMPATH\CodeIgniter.php(509): CodeIgniter\CodeIgniter->runController(Object(App\Controllers\Home))
12 SYSTEMPATH\CodeIgniter.php(355): CodeIgniter\CodeIgniter->handleRequest(null, Object(Config\Cache), false)
13 SYSTEMPATH\Boot.php(325): CodeIgniter\CodeIgniter->run()
14 SYSTEMPATH\Boot.php(67): CodeIgniter\Boot::runCodeIgniter(Object(CodeIgniter\CodeIgniter))
15 FCPATH\index.php(56): CodeIgniter\Boot::bootWeb(Object(Config\Paths))
16 SYSTEMPATH\rewrite.php(44): require_once('D:\\xampp folder\\htdocs\\revize\\codeigniter4-framework-2849e7f\\public\\index.php')
CRITICAL - 2024-11-13 10:25:05 --> ErrorException: Undefined variable $products
[Method: GET, Route: /]
in APPPATH\Views\partials\nav.php on line 84.
 1 APPPATH\Views\partials\nav.php(84): CodeIgniter\Debug\Exceptions->errorHandler(2, 'Undefined variable $products', 'D:\\xampp folder\\htdocs\\revize\\codeigniter4-framework-2849e7f\\app\\Views\\partials\\nav.php', 84)
 2 SYSTEMPATH\View\View.php(234): include('D:\\xampp folder\\htdocs\\revize\\codeigniter4-framework-2849e7f\\app\\Views\\partials\\nav.php')
 3 SYSTEMPATH\View\View.php(237): CodeIgniter\View\View->CodeIgniter\View\{closure}()
 4 SYSTEMPATH\Common.php(1171): CodeIgniter\View\View->render('partials/nav', [], true)
 5 APPPATH\Views\pages\home.php(8): view('partials/nav')
 6 SYSTEMPATH\View\View.php(234): include('D:\\xampp folder\\htdocs\\revize\\codeigniter4-framework-2849e7f\\app\\Views\\pages\\home.php')
 7 SYSTEMPATH\View\View.php(237): CodeIgniter\View\View->CodeIgniter\View\{closure}()
 8 SYSTEMPATH\Common.php(1171): CodeIgniter\View\View->render('pages/home', [], true)
 9 APPPATH\Controllers\Home.php(14): view('pages/home')
10 SYSTEMPATH\CodeIgniter.php(933): App\Controllers\Home->index()
11 SYSTEMPATH\CodeIgniter.php(509): CodeIgniter\CodeIgniter->runController(Object(App\Controllers\Home))
12 SYSTEMPATH\CodeIgniter.php(355): CodeIgniter\CodeIgniter->handleRequest(null, Object(Config\Cache), false)
13 SYSTEMPATH\Boot.php(325): CodeIgniter\CodeIgniter->run()
14 SYSTEMPATH\Boot.php(67): CodeIgniter\Boot::runCodeIgniter(Object(CodeIgniter\CodeIgniter))
15 FCPATH\index.php(56): CodeIgniter\Boot::bootWeb(Object(Config\Paths))
16 SYSTEMPATH\rewrite.php(44): require_once('D:\\xampp folder\\htdocs\\revize\\codeigniter4-framework-2849e7f\\public\\index.php')
CRITICAL - 2024-11-13 10:25:05 --> ErrorException: Undefined variable $products
[Method: GET, Route: /]
in APPPATH\Views\partials\nav.php on line 84.
 1 APPPATH\Views\partials\nav.php(84): CodeIgniter\Debug\Exceptions->errorHandler(2, 'Undefined variable $products', 'D:\\xampp folder\\htdocs\\revize\\codeigniter4-framework-2849e7f\\app\\Views\\partials\\nav.php', 84)
 2 SYSTEMPATH\View\View.php(234): include('D:\\xampp folder\\htdocs\\revize\\codeigniter4-framework-2849e7f\\app\\Views\\partials\\nav.php')
 3 SYSTEMPATH\View\View.php(237): CodeIgniter\View\View->CodeIgniter\View\{closure}()
 4 SYSTEMPATH\Common.php(1171): CodeIgniter\View\View->render('partials/nav', [], true)
 5 APPPATH\Views\pages\home.php(8): view('partials/nav')
 6 SYSTEMPATH\View\View.php(234): include('D:\\xampp folder\\htdocs\\revize\\codeigniter4-framework-2849e7f\\app\\Views\\pages\\home.php')
 7 SYSTEMPATH\View\View.php(237): CodeIgniter\View\View->CodeIgniter\View\{closure}()
 8 SYSTEMPATH\Common.php(1171): CodeIgniter\View\View->render('pages/home', [], true)
 9 APPPATH\Controllers\Home.php(14): view('pages/home')
10 SYSTEMPATH\CodeIgniter.php(933): App\Controllers\Home->index()
11 SYSTEMPATH\CodeIgniter.php(509): CodeIgniter\CodeIgniter->runController(Object(App\Controllers\Home))
12 SYSTEMPATH\CodeIgniter.php(355): CodeIgniter\CodeIgniter->handleRequest(null, Object(Config\Cache), false)
13 SYSTEMPATH\Boot.php(325): CodeIgniter\CodeIgniter->run()
14 SYSTEMPATH\Boot.php(67): CodeIgniter\Boot::runCodeIgniter(Object(CodeIgniter\CodeIgniter))
15 FCPATH\index.php(56): CodeIgniter\Boot::bootWeb(Object(Config\Paths))
16 SYSTEMPATH\rewrite.php(44): require_once('D:\\xampp folder\\htdocs\\revize\\codeigniter4-framework-2849e7f\\public\\index.php')
CRITICAL - 2024-11-13 10:25:10 --> ErrorException: Undefined variable $products
[Method: GET, Route: /]
in APPPATH\Views\partials\nav.php on line 84.
 1 APPPATH\Views\partials\nav.php(84): CodeIgniter\Debug\Exceptions->errorHandler(2, 'Undefined variable $products', 'D:\\xampp folder\\htdocs\\revize\\codeigniter4-framework-2849e7f\\app\\Views\\partials\\nav.php', 84)
 2 SYSTEMPATH\View\View.php(234): include('D:\\xampp folder\\htdocs\\revize\\codeigniter4-framework-2849e7f\\app\\Views\\partials\\nav.php')
 3 SYSTEMPATH\View\View.php(237): CodeIgniter\View\View->CodeIgniter\View\{closure}()
 4 SYSTEMPATH\Common.php(1171): CodeIgniter\View\View->render('partials/nav', [], true)
 5 APPPATH\Views\pages\home.php(8): view('partials/nav')
 6 SYSTEMPATH\View\View.php(234): include('D:\\xampp folder\\htdocs\\revize\\codeigniter4-framework-2849e7f\\app\\Views\\pages\\home.php')
 7 SYSTEMPATH\View\View.php(237): CodeIgniter\View\View->CodeIgniter\View\{closure}()
 8 SYSTEMPATH\Common.php(1171): CodeIgniter\View\View->render('pages/home', [], true)
 9 APPPATH\Controllers\Home.php(14): view('pages/home')
10 SYSTEMPATH\CodeIgniter.php(933): App\Controllers\Home->index()
11 SYSTEMPATH\CodeIgniter.php(509): CodeIgniter\CodeIgniter->runController(Object(App\Controllers\Home))
12 SYSTEMPATH\CodeIgniter.php(355): CodeIgniter\CodeIgniter->handleRequest(null, Object(Config\Cache), false)
13 SYSTEMPATH\Boot.php(325): CodeIgniter\CodeIgniter->run()
14 SYSTEMPATH\Boot.php(67): CodeIgniter\Boot::runCodeIgniter(Object(CodeIgniter\CodeIgniter))
15 FCPATH\index.php(56): CodeIgniter\Boot::bootWeb(Object(Config\Paths))
16 SYSTEMPATH\rewrite.php(44): require_once('D:\\xampp folder\\htdocs\\revize\\codeigniter4-framework-2849e7f\\public\\index.php')
CRITICAL - 2024-11-13 10:25:10 --> ErrorException: Undefined variable $products
[Method: GET, Route: /]
in APPPATH\Views\partials\nav.php on line 84.
 1 APPPATH\Views\partials\nav.php(84): CodeIgniter\Debug\Exceptions->errorHandler(2, 'Undefined variable $products', 'D:\\xampp folder\\htdocs\\revize\\codeigniter4-framework-2849e7f\\app\\Views\\partials\\nav.php', 84)
 2 SYSTEMPATH\View\View.php(234): include('D:\\xampp folder\\htdocs\\revize\\codeigniter4-framework-2849e7f\\app\\Views\\partials\\nav.php')
 3 SYSTEMPATH\View\View.php(237): CodeIgniter\View\View->CodeIgniter\View\{closure}()
 4 SYSTEMPATH\Common.php(1171): CodeIgniter\View\View->render('partials/nav', [], true)
 5 APPPATH\Views\pages\home.php(8): view('partials/nav')
 6 SYSTEMPATH\View\View.php(234): include('D:\\xampp folder\\htdocs\\revize\\codeigniter4-framework-2849e7f\\app\\Views\\pages\\home.php')
 7 SYSTEMPATH\View\View.php(237): CodeIgniter\View\View->CodeIgniter\View\{closure}()
 8 SYSTEMPATH\Common.php(1171): CodeIgniter\View\View->render('pages/home', [], true)
 9 APPPATH\Controllers\Home.php(14): view('pages/home')
10 SYSTEMPATH\CodeIgniter.php(933): App\Controllers\Home->index()
11 SYSTEMPATH\CodeIgniter.php(509): CodeIgniter\CodeIgniter->runController(Object(App\Controllers\Home))
12 SYSTEMPATH\CodeIgniter.php(355): CodeIgniter\CodeIgniter->handleRequest(null, Object(Config\Cache), false)
13 SYSTEMPATH\Boot.php(325): CodeIgniter\CodeIgniter->run()
14 SYSTEMPATH\Boot.php(67): CodeIgniter\Boot::runCodeIgniter(Object(CodeIgniter\CodeIgniter))
15 FCPATH\index.php(56): CodeIgniter\Boot::bootWeb(Object(Config\Paths))
16 SYSTEMPATH\rewrite.php(44): require_once('D:\\xampp folder\\htdocs\\revize\\codeigniter4-framework-2849e7f\\public\\index.php')
CRITICAL - 2024-11-13 10:25:10 --> ErrorException: Undefined variable $products
[Method: GET, Route: /]
in APPPATH\Views\partials\nav.php on line 84.
 1 APPPATH\Views\partials\nav.php(84): CodeIgniter\Debug\Exceptions->errorHandler(2, 'Undefined variable $products', 'D:\\xampp folder\\htdocs\\revize\\codeigniter4-framework-2849e7f\\app\\Views\\partials\\nav.php', 84)
 2 SYSTEMPATH\View\View.php(234): include('D:\\xampp folder\\htdocs\\revize\\codeigniter4-framework-2849e7f\\app\\Views\\partials\\nav.php')
 3 SYSTEMPATH\View\View.php(237): CodeIgniter\View\View->CodeIgniter\View\{closure}()
 4 SYSTEMPATH\Common.php(1171): CodeIgniter\View\View->render('partials/nav', [], true)
 5 APPPATH\Views\pages\home.php(8): view('partials/nav')
 6 SYSTEMPATH\View\View.php(234): include('D:\\xampp folder\\htdocs\\revize\\codeigniter4-framework-2849e7f\\app\\Views\\pages\\home.php')
 7 SYSTEMPATH\View\View.php(237): CodeIgniter\View\View->CodeIgniter\View\{closure}()
 8 SYSTEMPATH\Common.php(1171): CodeIgniter\View\View->render('pages/home', [], true)
 9 APPPATH\Controllers\Home.php(14): view('pages/home')
10 SYSTEMPATH\CodeIgniter.php(933): App\Controllers\Home->index()
11 SYSTEMPATH\CodeIgniter.php(509): CodeIgniter\CodeIgniter->runController(Object(App\Controllers\Home))
12 SYSTEMPATH\CodeIgniter.php(355): CodeIgniter\CodeIgniter->handleRequest(null, Object(Config\Cache), false)
13 SYSTEMPATH\Boot.php(325): CodeIgniter\CodeIgniter->run()
14 SYSTEMPATH\Boot.php(67): CodeIgniter\Boot::runCodeIgniter(Object(CodeIgniter\CodeIgniter))
15 FCPATH\index.php(56): CodeIgniter\Boot::bootWeb(Object(Config\Paths))
16 SYSTEMPATH\rewrite.php(44): require_once('D:\\xampp folder\\htdocs\\revize\\codeigniter4-framework-2849e7f\\public\\index.php')
CRITICAL - 2024-11-13 10:29:04 --> ErrorException: Undefined variable $products
[Method: GET, Route: /]
in APPPATH\Views\partials\nav.php on line 84.
 1 APPPATH\Views\partials\nav.php(84): CodeIgniter\Debug\Exceptions->errorHandler(2, 'Undefined variable $products', 'D:\\xampp folder\\htdocs\\revize\\codeigniter4-framework-2849e7f\\app\\Views\\partials\\nav.php', 84)
 2 SYSTEMPATH\View\View.php(234): include('D:\\xampp folder\\htdocs\\revize\\codeigniter4-framework-2849e7f\\app\\Views\\partials\\nav.php')
 3 SYSTEMPATH\View\View.php(237): CodeIgniter\View\View->CodeIgniter\View\{closure}()
 4 SYSTEMPATH\Common.php(1171): CodeIgniter\View\View->render('partials/nav', [], true)
 5 APPPATH\Views\pages\home.php(8): view('partials/nav')
 6 SYSTEMPATH\View\View.php(234): include('D:\\xampp folder\\htdocs\\revize\\codeigniter4-framework-2849e7f\\app\\Views\\pages\\home.php')
 7 SYSTEMPATH\View\View.php(237): CodeIgniter\View\View->CodeIgniter\View\{closure}()
 8 SYSTEMPATH\Common.php(1171): CodeIgniter\View\View->render('pages/home', [], true)
 9 APPPATH\Controllers\Home.php(14): view('pages/home')
10 SYSTEMPATH\CodeIgniter.php(933): App\Controllers\Home->index()
11 SYSTEMPATH\CodeIgniter.php(509): CodeIgniter\CodeIgniter->runController(Object(App\Controllers\Home))
12 SYSTEMPATH\CodeIgniter.php(355): CodeIgniter\CodeIgniter->handleRequest(null, Object(Config\Cache), false)
13 SYSTEMPATH\Boot.php(325): CodeIgniter\CodeIgniter->run()
14 SYSTEMPATH\Boot.php(67): CodeIgniter\Boot::runCodeIgniter(Object(CodeIgniter\CodeIgniter))
15 FCPATH\index.php(56): CodeIgniter\Boot::bootWeb(Object(Config\Paths))
16 SYSTEMPATH\rewrite.php(44): require_once('D:\\xampp folder\\htdocs\\revize\\codeigniter4-framework-2849e7f\\public\\index.php')
CRITICAL - 2024-11-13 10:29:04 --> ErrorException: Undefined variable $products
[Method: GET, Route: /]
in APPPATH\Views\partials\nav.php on line 84.
 1 APPPATH\Views\partials\nav.php(84): CodeIgniter\Debug\Exceptions->errorHandler(2, 'Undefined variable $products', 'D:\\xampp folder\\htdocs\\revize\\codeigniter4-framework-2849e7f\\app\\Views\\partials\\nav.php', 84)
 2 SYSTEMPATH\View\View.php(234): include('D:\\xampp folder\\htdocs\\revize\\codeigniter4-framework-2849e7f\\app\\Views\\partials\\nav.php')
 3 SYSTEMPATH\View\View.php(237): CodeIgniter\View\View->CodeIgniter\View\{closure}()
 4 SYSTEMPATH\Common.php(1171): CodeIgniter\View\View->render('partials/nav', [], true)
 5 APPPATH\Views\pages\home.php(8): view('partials/nav')
 6 SYSTEMPATH\View\View.php(234): include('D:\\xampp folder\\htdocs\\revize\\codeigniter4-framework-2849e7f\\app\\Views\\pages\\home.php')
 7 SYSTEMPATH\View\View.php(237): CodeIgniter\View\View->CodeIgniter\View\{closure}()
 8 SYSTEMPATH\Common.php(1171): CodeIgniter\View\View->render('pages/home', [], true)
 9 APPPATH\Controllers\Home.php(14): view('pages/home')
10 SYSTEMPATH\CodeIgniter.php(933): App\Controllers\Home->index()
11 SYSTEMPATH\CodeIgniter.php(509): CodeIgniter\CodeIgniter->runController(Object(App\Controllers\Home))
12 SYSTEMPATH\CodeIgniter.php(355): CodeIgniter\CodeIgniter->handleRequest(null, Object(Config\Cache), false)
13 SYSTEMPATH\Boot.php(325): CodeIgniter\CodeIgniter->run()
14 SYSTEMPATH\Boot.php(67): CodeIgniter\Boot::runCodeIgniter(Object(CodeIgniter\CodeIgniter))
15 FCPATH\index.php(56): CodeIgniter\Boot::bootWeb(Object(Config\Paths))
16 SYSTEMPATH\rewrite.php(44): require_once('D:\\xampp folder\\htdocs\\revize\\codeigniter4-framework-2849e7f\\public\\index.php')
CRITICAL - 2024-11-13 10:29:05 --> ErrorException: Undefined variable $products
[Method: GET, Route: /]
in APPPATH\Views\partials\nav.php on line 84.
 1 APPPATH\Views\partials\nav.php(84): CodeIgniter\Debug\Exceptions->errorHandler(2, 'Undefined variable $products', 'D:\\xampp folder\\htdocs\\revize\\codeigniter4-framework-2849e7f\\app\\Views\\partials\\nav.php', 84)
 2 SYSTEMPATH\View\View.php(234): include('D:\\xampp folder\\htdocs\\revize\\codeigniter4-framework-2849e7f\\app\\Views\\partials\\nav.php')
 3 SYSTEMPATH\View\View.php(237): CodeIgniter\View\View->CodeIgniter\View\{closure}()
 4 SYSTEMPATH\Common.php(1171): CodeIgniter\View\View->render('partials/nav', [], true)
 5 APPPATH\Views\pages\home.php(8): view('partials/nav')
 6 SYSTEMPATH\View\View.php(234): include('D:\\xampp folder\\htdocs\\revize\\codeigniter4-framework-2849e7f\\app\\Views\\pages\\home.php')
 7 SYSTEMPATH\View\View.php(237): CodeIgniter\View\View->CodeIgniter\View\{closure}()
 8 SYSTEMPATH\Common.php(1171): CodeIgniter\View\View->render('pages/home', [], true)
 9 APPPATH\Controllers\Home.php(14): view('pages/home')
10 SYSTEMPATH\CodeIgniter.php(933): App\Controllers\Home->index()
11 SYSTEMPATH\CodeIgniter.php(509): CodeIgniter\CodeIgniter->runController(Object(App\Controllers\Home))
12 SYSTEMPATH\CodeIgniter.php(355): CodeIgniter\CodeIgniter->handleRequest(null, Object(Config\Cache), false)
13 SYSTEMPATH\Boot.php(325): CodeIgniter\CodeIgniter->run()
14 SYSTEMPATH\Boot.php(67): CodeIgniter\Boot::runCodeIgniter(Object(CodeIgniter\CodeIgniter))
15 FCPATH\index.php(56): CodeIgniter\Boot::bootWeb(Object(Config\Paths))
16 SYSTEMPATH\rewrite.php(44): require_once('D:\\xampp folder\\htdocs\\revize\\codeigniter4-framework-2849e7f\\public\\index.php')
CRITICAL - 2024-11-13 10:29:05 --> ErrorException: Undefined variable $products
[Method: GET, Route: /]
in APPPATH\Views\partials\nav.php on line 84.
 1 APPPATH\Views\partials\nav.php(84): CodeIgniter\Debug\Exceptions->errorHandler(2, 'Undefined variable $products', 'D:\\xampp folder\\htdocs\\revize\\codeigniter4-framework-2849e7f\\app\\Views\\partials\\nav.php', 84)
 2 SYSTEMPATH\View\View.php(234): include('D:\\xampp folder\\htdocs\\revize\\codeigniter4-framework-2849e7f\\app\\Views\\partials\\nav.php')
 3 SYSTEMPATH\View\View.php(237): CodeIgniter\View\View->CodeIgniter\View\{closure}()
 4 SYSTEMPATH\Common.php(1171): CodeIgniter\View\View->render('partials/nav', [], true)
 5 APPPATH\Views\pages\home.php(8): view('partials/nav')
 6 SYSTEMPATH\View\View.php(234): include('D:\\xampp folder\\htdocs\\revize\\codeigniter4-framework-2849e7f\\app\\Views\\pages\\home.php')
 7 SYSTEMPATH\View\View.php(237): CodeIgniter\View\View->CodeIgniter\View\{closure}()
 8 SYSTEMPATH\Common.php(1171): CodeIgniter\View\View->render('pages/home', [], true)
 9 APPPATH\Controllers\Home.php(14): view('pages/home')
10 SYSTEMPATH\CodeIgniter.php(933): App\Controllers\Home->index()
11 SYSTEMPATH\CodeIgniter.php(509): CodeIgniter\CodeIgniter->runController(Object(App\Controllers\Home))
12 SYSTEMPATH\CodeIgniter.php(355): CodeIgniter\CodeIgniter->handleRequest(null, Object(Config\Cache), false)
13 SYSTEMPATH\Boot.php(325): CodeIgniter\CodeIgniter->run()
14 SYSTEMPATH\Boot.php(67): CodeIgniter\Boot::runCodeIgniter(Object(CodeIgniter\CodeIgniter))
15 FCPATH\index.php(56): CodeIgniter\Boot::bootWeb(Object(Config\Paths))
16 SYSTEMPATH\rewrite.php(44): require_once('D:\\xampp folder\\htdocs\\revize\\codeigniter4-framework-2849e7f\\public\\index.php')
CRITICAL - 2024-11-13 10:29:06 --> ErrorException: Undefined variable $products
[Method: GET, Route: user_management]
in APPPATH\Views\partials\nav.php on line 84.
 1 APPPATH\Views\partials\nav.php(84): CodeIgniter\Debug\Exceptions->errorHandler(2, 'Undefined variable $products', 'D:\\xampp folder\\htdocs\\revize\\codeigniter4-framework-2849e7f\\app\\Views\\partials\\nav.php', 84)
 2 SYSTEMPATH\View\View.php(234): include('D:\\xampp folder\\htdocs\\revize\\codeigniter4-framework-2849e7f\\app\\Views\\partials\\nav.php')
 3 SYSTEMPATH\View\View.php(237): CodeIgniter\View\View->CodeIgniter\View\{closure}()
 4 SYSTEMPATH\Common.php(1171): CodeIgniter\View\View->render('partials/nav', [], true)
 5 APPPATH\Views\pages\user_management.php(8): view('partials/nav')
 6 SYSTEMPATH\View\View.php(234): include('D:\\xampp folder\\htdocs\\revize\\codeigniter4-framework-2849e7f\\app\\Views\\pages\\user_management.php')
 7 SYSTEMPATH\View\View.php(237): CodeIgniter\View\View->CodeIgniter\View\{closure}()
 8 SYSTEMPATH\Common.php(1171): CodeIgniter\View\View->render('pages/user_management', [], true)
 9 APPPATH\Controllers\admin_control.php(27): view('pages/user_management')
10 SYSTEMPATH\CodeIgniter.php(933): App\Controllers\admin_control->user_management()
11 SYSTEMPATH\CodeIgniter.php(509): CodeIgniter\CodeIgniter->runController(Object(App\Controllers\admin_control))
12 SYSTEMPATH\CodeIgniter.php(355): CodeIgniter\CodeIgniter->handleRequest(null, Object(Config\Cache), false)
13 SYSTEMPATH\Boot.php(325): CodeIgniter\CodeIgniter->run()
14 SYSTEMPATH\Boot.php(67): CodeIgniter\Boot::runCodeIgniter(Object(CodeIgniter\CodeIgniter))
15 FCPATH\index.php(56): CodeIgniter\Boot::bootWeb(Object(Config\Paths))
16 SYSTEMPATH\rewrite.php(44): require_once('D:\\xampp folder\\htdocs\\revize\\codeigniter4-framework-2849e7f\\public\\index.php')
CRITICAL - 2024-11-13 10:29:07 --> ErrorException: Undefined variable $products
[Method: GET, Route: user_management]
in APPPATH\Views\partials\nav.php on line 84.
 1 APPPATH\Views\partials\nav.php(84): CodeIgniter\Debug\Exceptions->errorHandler(2, 'Undefined variable $products', 'D:\\xampp folder\\htdocs\\revize\\codeigniter4-framework-2849e7f\\app\\Views\\partials\\nav.php', 84)
 2 SYSTEMPATH\View\View.php(234): include('D:\\xampp folder\\htdocs\\revize\\codeigniter4-framework-2849e7f\\app\\Views\\partials\\nav.php')
 3 SYSTEMPATH\View\View.php(237): CodeIgniter\View\View->CodeIgniter\View\{closure}()
 4 SYSTEMPATH\Common.php(1171): CodeIgniter\View\View->render('partials/nav', [], true)
 5 APPPATH\Views\pages\user_management.php(8): view('partials/nav')
 6 SYSTEMPATH\View\View.php(234): include('D:\\xampp folder\\htdocs\\revize\\codeigniter4-framework-2849e7f\\app\\Views\\pages\\user_management.php')
 7 SYSTEMPATH\View\View.php(237): CodeIgniter\View\View->CodeIgniter\View\{closure}()
 8 SYSTEMPATH\Common.php(1171): CodeIgniter\View\View->render('pages/user_management', [], true)
 9 APPPATH\Controllers\admin_control.php(27): view('pages/user_management')
10 SYSTEMPATH\CodeIgniter.php(933): App\Controllers\admin_control->user_management()
11 SYSTEMPATH\CodeIgniter.php(509): CodeIgniter\CodeIgniter->runController(Object(App\Controllers\admin_control))
12 SYSTEMPATH\CodeIgniter.php(355): CodeIgniter\CodeIgniter->handleRequest(null, Object(Config\Cache), false)
13 SYSTEMPATH\Boot.php(325): CodeIgniter\CodeIgniter->run()
14 SYSTEMPATH\Boot.php(67): CodeIgniter\Boot::runCodeIgniter(Object(CodeIgniter\CodeIgniter))
15 FCPATH\index.php(56): CodeIgniter\Boot::bootWeb(Object(Config\Paths))
16 SYSTEMPATH\rewrite.php(44): require_once('D:\\xampp folder\\htdocs\\revize\\codeigniter4-framework-2849e7f\\public\\index.php')
CRITICAL - 2024-11-13 10:31:00 --> BadMethodCallException: Call to undefined method App\Models\ProductModel::getproducts
[Method: GET, Route: user_management]
in SYSTEMPATH\Model.php on line 932.
 1 APPPATH\Controllers\admin_control.php(27): CodeIgniter\Model->__call('getproducts', [])
 2 SYSTEMPATH\CodeIgniter.php(933): App\Controllers\admin_control->user_management()
 3 SYSTEMPATH\CodeIgniter.php(509): CodeIgniter\CodeIgniter->runController(Object(App\Controllers\admin_control))
 4 SYSTEMPATH\CodeIgniter.php(355): CodeIgniter\CodeIgniter->handleRequest(null, Object(Config\Cache), false)
 5 SYSTEMPATH\Boot.php(325): CodeIgniter\CodeIgniter->run()
 6 SYSTEMPATH\Boot.php(67): CodeIgniter\Boot::runCodeIgniter(Object(CodeIgniter\CodeIgniter))
 7 FCPATH\index.php(56): CodeIgniter\Boot::bootWeb(Object(Config\Paths))
 8 SYSTEMPATH\rewrite.php(44): require_once('D:\\xampp folder\\htdocs\\revize\\codeigniter4-framework-2849e7f\\public\\index.php')
CRITICAL - 2024-11-13 10:32:37 --> BadMethodCallException: Call to undefined method App\Models\ProductModel::getproducts
[Method: GET, Route: user_management]
in SYSTEMPATH\Model.php on line 932.
 1 APPPATH\Controllers\admin_control.php(27): CodeIgniter\Model->__call('getproducts', [])
 2 SYSTEMPATH\CodeIgniter.php(933): App\Controllers\admin_control->user_management()
 3 SYSTEMPATH\CodeIgniter.php(509): CodeIgniter\CodeIgniter->runController(Object(App\Controllers\admin_control))
 4 SYSTEMPATH\CodeIgniter.php(355): CodeIgniter\CodeIgniter->handleRequest(null, Object(Config\Cache), false)
 5 SYSTEMPATH\Boot.php(325): CodeIgniter\CodeIgniter->run()
 6 SYSTEMPATH\Boot.php(67): CodeIgniter\Boot::runCodeIgniter(Object(CodeIgniter\CodeIgniter))
 7 FCPATH\index.php(56): CodeIgniter\Boot::bootWeb(Object(Config\Paths))
 8 SYSTEMPATH\rewrite.php(44): require_once('D:\\xampp folder\\htdocs\\revize\\codeigniter4-framework-2849e7f\\public\\index.php')
CRITICAL - 2024-11-13 10:32:37 --> BadMethodCallException: Call to undefined method App\Models\ProductModel::getproducts
[Method: GET, Route: user_management]
in SYSTEMPATH\Model.php on line 932.
 1 APPPATH\Controllers\admin_control.php(27): CodeIgniter\Model->__call('getproducts', [])
 2 SYSTEMPATH\CodeIgniter.php(933): App\Controllers\admin_control->user_management()
 3 SYSTEMPATH\CodeIgniter.php(509): CodeIgniter\CodeIgniter->runController(Object(App\Controllers\admin_control))
 4 SYSTEMPATH\CodeIgniter.php(355): CodeIgniter\CodeIgniter->handleRequest(null, Object(Config\Cache), false)
 5 SYSTEMPATH\Boot.php(325): CodeIgniter\CodeIgniter->run()
 6 SYSTEMPATH\Boot.php(67): CodeIgniter\Boot::runCodeIgniter(Object(CodeIgniter\CodeIgniter))
 7 FCPATH\index.php(56): CodeIgniter\Boot::bootWeb(Object(Config\Paths))
 8 SYSTEMPATH\rewrite.php(44): require_once('D:\\xampp folder\\htdocs\\revize\\codeigniter4-framework-2849e7f\\public\\index.php')
CRITICAL - 2024-11-13 10:32:44 --> BadMethodCallException: Call to undefined method App\Models\ProductModel::getproducts
[Method: GET, Route: user_management]
in SYSTEMPATH\Model.php on line 932.
 1 APPPATH\Controllers\admin_control.php(27): CodeIgniter\Model->__call('getproducts', [])
 2 SYSTEMPATH\CodeIgniter.php(933): App\Controllers\admin_control->user_management()
 3 SYSTEMPATH\CodeIgniter.php(509): CodeIgniter\CodeIgniter->runController(Object(App\Controllers\admin_control))
 4 SYSTEMPATH\CodeIgniter.php(355): CodeIgniter\CodeIgniter->handleRequest(null, Object(Config\Cache), false)
 5 SYSTEMPATH\Boot.php(325): CodeIgniter\CodeIgniter->run()
 6 SYSTEMPATH\Boot.php(67): CodeIgniter\Boot::runCodeIgniter(Object(CodeIgniter\CodeIgniter))
 7 FCPATH\index.php(56): CodeIgniter\Boot::bootWeb(Object(Config\Paths))
 8 SYSTEMPATH\rewrite.php(44): require_once('D:\\xampp folder\\htdocs\\revize\\codeigniter4-framework-2849e7f\\public\\index.php')
CRITICAL - 2024-11-13 10:33:08 --> BadMethodCallException: Call to undefined method App\Models\UserModel::getUsers
[Method: GET, Route: user_management]
in SYSTEMPATH\Model.php on line 932.
 1 APPPATH\Controllers\admin_control.php(26): CodeIgniter\Model->__call('getUsers', [])
 2 SYSTEMPATH\CodeIgniter.php(933): App\Controllers\admin_control->user_management()
 3 SYSTEMPATH\CodeIgniter.php(509): CodeIgniter\CodeIgniter->runController(Object(App\Controllers\admin_control))
 4 SYSTEMPATH\CodeIgniter.php(355): CodeIgniter\CodeIgniter->handleRequest(null, Object(Config\Cache), false)
 5 SYSTEMPATH\Boot.php(325): CodeIgniter\CodeIgniter->run()
 6 SYSTEMPATH\Boot.php(67): CodeIgniter\Boot::runCodeIgniter(Object(CodeIgniter\CodeIgniter))
 7 FCPATH\index.php(56): CodeIgniter\Boot::bootWeb(Object(Config\Paths))
 8 SYSTEMPATH\rewrite.php(44): require_once('D:\\xampp folder\\htdocs\\revize\\codeigniter4-framework-2849e7f\\public\\index.php')
CRITICAL - 2024-11-13 10:33:14 --> BadMethodCallException: Call to undefined method App\Models\UserModel::getUsers
[Method: GET, Route: user_management]
in SYSTEMPATH\Model.php on line 932.
 1 APPPATH\Controllers\admin_control.php(25): CodeIgniter\Model->__call('getUsers', [])
 2 SYSTEMPATH\CodeIgniter.php(933): App\Controllers\admin_control->user_management()
 3 SYSTEMPATH\CodeIgniter.php(509): CodeIgniter\CodeIgniter->runController(Object(App\Controllers\admin_control))
 4 SYSTEMPATH\CodeIgniter.php(355): CodeIgniter\CodeIgniter->handleRequest(null, Object(Config\Cache), false)
 5 SYSTEMPATH\Boot.php(325): CodeIgniter\CodeIgniter->run()
 6 SYSTEMPATH\Boot.php(67): CodeIgniter\Boot::runCodeIgniter(Object(CodeIgniter\CodeIgniter))
 7 FCPATH\index.php(56): CodeIgniter\Boot::bootWeb(Object(Config\Paths))
 8 SYSTEMPATH\rewrite.php(44): require_once('D:\\xampp folder\\htdocs\\revize\\codeigniter4-framework-2849e7f\\public\\index.php')
CRITICAL - 2024-11-13 10:33:53 --> BadMethodCallException: Call to undefined method App\Models\UserModel::getUsers
[Method: GET, Route: user_management]
in SYSTEMPATH\Model.php on line 932.
 1 APPPATH\Controllers\admin_control.php(25): CodeIgniter\Model->__call('getUsers', [])
 2 SYSTEMPATH\CodeIgniter.php(933): App\Controllers\admin_control->user_management()
 3 SYSTEMPATH\CodeIgniter.php(509): CodeIgniter\CodeIgniter->runController(Object(App\Controllers\admin_control))
 4 SYSTEMPATH\CodeIgniter.php(355): CodeIgniter\CodeIgniter->handleRequest(null, Object(Config\Cache), false)
 5 SYSTEMPATH\Boot.php(325): CodeIgniter\CodeIgniter->run()
 6 SYSTEMPATH\Boot.php(67): CodeIgniter\Boot::runCodeIgniter(Object(CodeIgniter\CodeIgniter))
 7 FCPATH\index.php(56): CodeIgniter\Boot::bootWeb(Object(Config\Paths))
 8 SYSTEMPATH\rewrite.php(44): require_once('D:\\xampp folder\\htdocs\\revize\\codeigniter4-framework-2849e7f\\public\\index.php')
CRITICAL - 2024-11-13 10:33:53 --> BadMethodCallException: Call to undefined method App\Models\UserModel::getUsers
[Method: GET, Route: user_management]
in SYSTEMPATH\Model.php on line 932.
 1 APPPATH\Controllers\admin_control.php(25): CodeIgniter\Model->__call('getUsers', [])
 2 SYSTEMPATH\CodeIgniter.php(933): App\Controllers\admin_control->user_management()
 3 SYSTEMPATH\CodeIgniter.php(509): CodeIgniter\CodeIgniter->runController(Object(App\Controllers\admin_control))
 4 SYSTEMPATH\CodeIgniter.php(355): CodeIgniter\CodeIgniter->handleRequest(null, Object(Config\Cache), false)
 5 SYSTEMPATH\Boot.php(325): CodeIgniter\CodeIgniter->run()
 6 SYSTEMPATH\Boot.php(67): CodeIgniter\Boot::runCodeIgniter(Object(CodeIgniter\CodeIgniter))
 7 FCPATH\index.php(56): CodeIgniter\Boot::bootWeb(Object(Config\Paths))
 8 SYSTEMPATH\rewrite.php(44): require_once('D:\\xampp folder\\htdocs\\revize\\codeigniter4-framework-2849e7f\\public\\index.php')
CRITICAL - 2024-11-13 10:33:58 --> BadMethodCallException: Call to undefined method App\Models\UserModel::getUsers
[Method: GET, Route: user_management]
in SYSTEMPATH\Model.php on line 932.
 1 APPPATH\Controllers\admin_control.php(25): CodeIgniter\Model->__call('getUsers', [])
 2 SYSTEMPATH\CodeIgniter.php(933): App\Controllers\admin_control->user_management()
 3 SYSTEMPATH\CodeIgniter.php(509): CodeIgniter\CodeIgniter->runController(Object(App\Controllers\admin_control))
 4 SYSTEMPATH\CodeIgniter.php(355): CodeIgniter\CodeIgniter->handleRequest(null, Object(Config\Cache), false)
 5 SYSTEMPATH\Boot.php(325): CodeIgniter\CodeIgniter->run()
 6 SYSTEMPATH\Boot.php(67): CodeIgniter\Boot::runCodeIgniter(Object(CodeIgniter\CodeIgniter))
 7 FCPATH\index.php(56): CodeIgniter\Boot::bootWeb(Object(Config\Paths))
 8 SYSTEMPATH\rewrite.php(44): require_once('D:\\xampp folder\\htdocs\\revize\\codeigniter4-framework-2849e7f\\public\\index.php')
CRITICAL - 2024-11-13 10:36:01 --> BadMethodCallException: Call to undefined method App\Models\UserModel::getUsers
[Method: GET, Route: user_management]
in SYSTEMPATH\Model.php on line 932.
 1 APPPATH\Controllers\admin_control.php(25): CodeIgniter\Model->__call('getUsers', [])
 2 SYSTEMPATH\CodeIgniter.php(933): App\Controllers\admin_control->user_management()
 3 SYSTEMPATH\CodeIgniter.php(509): CodeIgniter\CodeIgniter->runController(Object(App\Controllers\admin_control))
 4 SYSTEMPATH\CodeIgniter.php(355): CodeIgniter\CodeIgniter->handleRequest(null, Object(Config\Cache), false)
 5 SYSTEMPATH\Boot.php(325): CodeIgniter\CodeIgniter->run()
 6 SYSTEMPATH\Boot.php(67): CodeIgniter\Boot::runCodeIgniter(Object(CodeIgniter\CodeIgniter))
 7 FCPATH\index.php(56): CodeIgniter\Boot::bootWeb(Object(Config\Paths))
 8 SYSTEMPATH\rewrite.php(44): require_once('D:\\xampp folder\\htdocs\\revize\\codeigniter4-framework-2849e7f\\public\\index.php')
CRITICAL - 2024-11-13 10:36:56 --> ArgumentCountError: Too few arguments to function App\Models\UserModel::getUsers(), 0 passed in D:\xampp folder\htdocs\revize\codeigniter4-framework-2849e7f\app\Controllers\admin_control.php on line 25 and exactly 1 expected
[Method: GET, Route: user_management]
in APPPATH\Models\UserModel.php on line 13.
 1 APPPATH\Controllers\admin_control.php(25): App\Models\UserModel->getUsers()
 2 SYSTEMPATH\CodeIgniter.php(933): App\Controllers\admin_control->user_management()
 3 SYSTEMPATH\CodeIgniter.php(509): CodeIgniter\CodeIgniter->runController(Object(App\Controllers\admin_control))
 4 SYSTEMPATH\CodeIgniter.php(355): CodeIgniter\CodeIgniter->handleRequest(null, Object(Config\Cache), false)
 5 SYSTEMPATH\Boot.php(325): CodeIgniter\CodeIgniter->run()
 6 SYSTEMPATH\Boot.php(67): CodeIgniter\Boot::runCodeIgniter(Object(CodeIgniter\CodeIgniter))
 7 FCPATH\index.php(56): CodeIgniter\Boot::bootWeb(Object(Config\Paths))
 8 SYSTEMPATH\rewrite.php(44): require_once('D:\\xampp folder\\htdocs\\revize\\codeigniter4-framework-2849e7f\\public\\index.php')
CRITICAL - 2024-11-13 10:36:59 --> ArgumentCountError: Too few arguments to function App\Models\UserModel::getUsers(), 0 passed in D:\xampp folder\htdocs\revize\codeigniter4-framework-2849e7f\app\Controllers\admin_control.php on line 25 and exactly 1 expected
[Method: GET, Route: user_management]
in APPPATH\Models\UserModel.php on line 13.
 1 APPPATH\Controllers\admin_control.php(25): App\Models\UserModel->getUsers()
 2 SYSTEMPATH\CodeIgniter.php(933): App\Controllers\admin_control->user_management()
 3 SYSTEMPATH\CodeIgniter.php(509): CodeIgniter\CodeIgniter->runController(Object(App\Controllers\admin_control))
 4 SYSTEMPATH\CodeIgniter.php(355): CodeIgniter\CodeIgniter->handleRequest(null, Object(Config\Cache), false)
 5 SYSTEMPATH\Boot.php(325): CodeIgniter\CodeIgniter->run()
 6 SYSTEMPATH\Boot.php(67): CodeIgniter\Boot::runCodeIgniter(Object(CodeIgniter\CodeIgniter))
 7 FCPATH\index.php(56): CodeIgniter\Boot::bootWeb(Object(Config\Paths))
 8 SYSTEMPATH\rewrite.php(44): require_once('D:\\xampp folder\\htdocs\\revize\\codeigniter4-framework-2849e7f\\public\\index.php')
